<?xml version="1.0" encoding="utf-8"?>
<test-run id="0" start-time="2019-04-24 13:49:47Z" result="Passed" end-time="2019-04-24 13:50:47Z" testcasecount="172" total="16" passed="16" failed="0" inconclusive="0" skipped="0" asserts="20" duration="60.096998">
  <test-suite type="Assembly" id="0-1061" name="iOSXTCSample.dll" fullname="iOSXTCSample.dll" runstate="Runnable" testcasecount="43" result="Passed" start-time="2019-04-24 13:49:47Z" end-time="2019-04-24 13:50:47Z" duration="59.590206" total="4" passed="4" failed="0" warnings="0" inconclusive="0" skipped="0" asserts="5">
    
    <settings>
      
      
      
      
      
      
      
      
      
      
    <setting name="DefaultTimeout" value="1800000"/><setting name="DisposeRunners" value="True"/><setting name="ImageRequiresDefaultAppDomainAssemblyResolver" value="False"/><setting name="ImageRequiresX86" value="False"/><setting name="ImageRuntimeVersion" value="4.0.30319"/><setting name="ImageTargetFrameworkName" value=".NETFramework,Version=v4.5"/><setting name="NumberOfTestWorkers" value="4"/><setting name="ProcessModel" value="InProcess"/><setting name="SynchronousEvents" value="True"/><setting name="WorkDirectory" value="workspace"/></settings>
    <properties>
      
      
    <property name="_APPDOMAIN" value="domain-"/><property name="_PID" value="71649"/></properties>
    
    
    
  <test-suite type="TestFixture" id="0-1047" name="LocationTests" fullname="LocationTests" classname="LocationTests" runstate="Runnable" testcasecount="1" result="Passed" start-time="2019-04-24 13:49:47Z" end-time="2019-04-24 13:50:03Z" duration="16.210246" total="1" passed="1" failed="0" warnings="0" inconclusive="0" skipped="0" asserts="2">
      <properties>
        
      <property name="Category" value="ios"/></properties>
      
    <test-case id="0-1048" name="SetLocationTest_apple_iphone_8-11_3_1" fullname="LocationTests.SetLocationTest" methodname="SetLocationTest" classname="LocationTests" runstate="Runnable" seed="872725905" result="Passed" start-time="2019-04-24 13:49:47Z" end-time="2019-04-24 13:50:03Z" duration="15.665969" asserts="2">
        <properties>
          
        <property name="Category" value="Location"/></properties>
        <output><![CDATA[24-04-2019 15:49:47.645 +02:00 - 0 - Full log file: /xamarin/workspaces/0a91ab3f-666b-4ed9-b11f-0fe3f050d3fb/workspace/tmp/uitest/log-2019-04-24_15-49-47-626.txt
24-04-2019 15:49:47.649 +02:00 - 4 - iOS test running Xamarin.UITest version: 0.0.0
24-04-2019 15:49:47.652 +02:00 - 8 - Using TEST_CLOUD configuration override.
24-04-2019 15:49:48.156 +02:00 - 511 - Artifact folder: /xamarin/workspaces/0a91ab3f-666b-4ed9-b11f-0fe3f050d3fb/workspace/tmp/uitest/a-29D5AD5933C103E9E6BE6FC261BC103363A65B2C
24-04-2019 15:49:48.360 +02:00 - 715 - Running command. { Path: "chmod", Arguments: "a+x /xamarin/workspaces/0a91ab3f-666b-4ed9-b11f-0fe3f050d3fb/workspace/tmp/uitest/a-29D5AD5933C103E9E6BE6FC261BC103363A65B2C/71649/idevice-tools/iappdata", CurrentDirectory: "/Volumes/Data/xamarin/workspaces/0a91ab3f-666b-4ed9-b11f-0fe3f050d3fb/workspace" }
24-04-2019 15:49:48.413 +02:00 - 769 - Running command. { Path: "chmod", Arguments: "a+x /xamarin/workspaces/0a91ab3f-666b-4ed9-b11f-0fe3f050d3fb/workspace/tmp/uitest/a-29D5AD5933C103E9E6BE6FC261BC103363A65B2C/71649/idevice-tools/iproxy", CurrentDirectory: "/Volumes/Data/xamarin/workspaces/0a91ab3f-666b-4ed9-b11f-0fe3f050d3fb/workspace" }
24-04-2019 15:49:48.852 +02:00 - 1208 - Artifact folder: /xamarin/workspaces/0a91ab3f-666b-4ed9-b11f-0fe3f050d3fb/workspace/tmp/uitest/a-29D5AD5933C103E9E6BE6FC261BC103363A65B2C
24-04-2019 15:49:48.854 +02:00 - 1209 - Running in Test Cloud, on device with iOS8 or higher.
24-04-2019 15:49:48.938 +02:00 - 1293 - HTTP POST (multi-part) { Url: { AbsolutePath: "/sessions/token-ee18cc08-9acd-4e96-b7dc-0d8ab9ccce07/core-ios/uninstall", AbsoluteUri: "https://devicehost7.prod:6767/sessions/token-ee18cc08-9acd-4e96-b7dc-0d8ab9ccce07/core-ios/uninstall", LocalPath: "/sessions/token-ee18cc08-9acd-4e96-b7dc-0d8ab9ccce07/core-ios/uninstall", Authority: "devicehost7.prod:6767", HostNameType: Dns, IsDefaultPort: False, IsFile: False, IsLoopback: False, PathAndQuery: "/sessions/token-ee18cc08-9acd-4e96-b7dc-0d8ab9ccce07/core-ios/uninstall", Segments: [ "/", "sessions/", "token-ee18cc08-9acd-4e96-b7dc-0d8ab9ccce07/", "core-ios/", "uninstall" ], IsUnc: False, Host: "devicehost7.prod", Port: 6767, Query: "", Fragment: "", Scheme: "https", OriginalString: "https://devicehost7.prod:6767/sessions/token-ee18cc08-9acd-4e96-b7dc-0d8ab9ccce07/core-ios/uninstall", DnsSafeHost: "devicehost7.prod", IdnHost: "devicehost7.prod", IsAbsoluteUri: True, UserEscaped: False, UserInfo: "" }, Arguments: "{"app_id":"com.xamarin.XTCiOSSampleProject"}" }
24-04-2019 15:49:49.901 +02:00 - 2256 - POST (multi-part) Complete { StatusCode: 200, Contents: "{"status":"ok"}" }
24-04-2019 15:49:49.920 +02:00 - 2276 - HTTP POST (multi-part) { Url: { AbsolutePath: "/sessions/token-ee18cc08-9acd-4e96-b7dc-0d8ab9ccce07/core-ios/install", AbsoluteUri: "https://devicehost7.prod:6767/sessions/token-ee18cc08-9acd-4e96-b7dc-0d8ab9ccce07/core-ios/install", LocalPath: "/sessions/token-ee18cc08-9acd-4e96-b7dc-0d8ab9ccce07/core-ios/install", Authority: "devicehost7.prod:6767", HostNameType: Dns, IsDefaultPort: False, IsFile: False, IsLoopback: False, PathAndQuery: "/sessions/token-ee18cc08-9acd-4e96-b7dc-0d8ab9ccce07/core-ios/install", Segments: [ "/", "sessions/", "token-ee18cc08-9acd-4e96-b7dc-0d8ab9ccce07/", "core-ios/", "install" ], IsUnc: False, Host: "devicehost7.prod", Port: 6767, Query: "", Fragment: "", Scheme: "https", OriginalString: "https://devicehost7.prod:6767/sessions/token-ee18cc08-9acd-4e96-b7dc-0d8ab9ccce07/core-ios/install", DnsSafeHost: "devicehost7.prod", IdnHost: "devicehost7.prod", IsAbsoluteUri: True, UserEscaped: False, UserInfo: "" }, Arguments: "{"app_id":"com.xamarin.XTCiOSSampleProject","app":{"Name":"xtc_app9","ContentType":"application/octet-stream","FilePath":"/xamarin/workspaces/0a91ab3f-666b-4ed9-b11f-0fe3f050d3fb/inputs/pre/prepare_workspace/workspace/xtc_app9"}}" }
24-04-2019 15:49:54.347 +02:00 - 6702 - POST (multi-part) Complete { StatusCode: 200, Contents: "{"status":"ok","app_id":"com.xamarin.XTCiOSSampleProject"}" }
24-04-2019 15:49:54.411 +02:00 - 6766 - 1 - HTTP POST https://devicehost7.prod:6767/sessions/token-ee18cc08-9acd-4e96-b7dc-0d8ab9ccce07/ideviceteststarter/1.0/session { bundleID: "com.xamarin.XTCiOSSampleProject", launchArgs: [ "CALABUS_DRIVER" ], environment: [ [RUNNING_IN_APP_CENTER, 1], [APP_CENTER_DISABLE, Distribute], [Android, Of course not!] ] }
24-04-2019 15:49:54.458 +02:00 - 6814 - HTTP GET { Url: { AbsolutePath: "/sessions/token-ee18cc08-9acd-4e96-b7dc-0d8ab9ccce07/ios-proxy-socket/version", AbsoluteUri: "https://devicehost7.prod:6767/sessions/token-ee18cc08-9acd-4e96-b7dc-0d8ab9ccce07/ios-proxy-socket/version", LocalPath: "/sessions/token-ee18cc08-9acd-4e96-b7dc-0d8ab9ccce07/ios-proxy-socket/version", Authority: "devicehost7.prod:6767", HostNameType: Dns, IsDefaultPort: False, IsFile: False, IsLoopback: False, PathAndQuery: "/sessions/token-ee18cc08-9acd-4e96-b7dc-0d8ab9ccce07/ios-proxy-socket/version", Segments: [ "/", "sessions/", "token-ee18cc08-9acd-4e96-b7dc-0d8ab9ccce07/", "ios-proxy-socket/", "version" ], IsUnc: False, Host: "devicehost7.prod", Port: 6767, Query: "", Fragment: "", Scheme: "https", OriginalString: "https://devicehost7.prod:6767/sessions/token-ee18cc08-9acd-4e96-b7dc-0d8ab9ccce07/ios-proxy-socket/version", DnsSafeHost: "devicehost7.prod", IdnHost: "devicehost7.prod", IsAbsoluteUri: True, UserEscaped: False, UserInfo: "" } }
24-04-2019 15:49:54.550 +02:00 - 6905 - GET Complete { StatusCode: 401, StatusDescription: "Unauthorized", ResponseHeaders: "Server: nginx/1.2.7
Date: Wed, 24 Apr 2019 13:49:54 GMT
Connection: keep-alive
WWW-Authenticate: Basic realm="Restricted"
", Content: "<html>
<head><title>401 Authorization Required</title></head>
<body bgcolor="white">
<center><h1>401 Authorization Required</h1></center>
<hr><center>nginx/1.2.7</center>
</body>
</html>
" }
24-04-2019 15:49:54.760 +02:00 - 7115 - 1 - HTTP request succeeded
24-04-2019 15:49:54.785 +02:00 - 7140 - 1 - HTTP POST complete
24-04-2019 15:49:54.786 +02:00 - 7141 - DeviceAgent Start Session response: OK - launched!
24-04-2019 15:49:55.612 +02:00 - 7967 - HTTP GET { Url: { AbsolutePath: "/sessions/token-ee18cc08-9acd-4e96-b7dc-0d8ab9ccce07/ios-proxy-socket/version", AbsoluteUri: "https://devicehost7.prod:6767/sessions/token-ee18cc08-9acd-4e96-b7dc-0d8ab9ccce07/ios-proxy-socket/version", LocalPath: "/sessions/token-ee18cc08-9acd-4e96-b7dc-0d8ab9ccce07/ios-proxy-socket/version", Authority: "devicehost7.prod:6767", HostNameType: Dns, IsDefaultPort: False, IsFile: False, IsLoopback: False, PathAndQuery: "/sessions/token-ee18cc08-9acd-4e96-b7dc-0d8ab9ccce07/ios-proxy-socket/version", Segments: [ "/", "sessions/", "token-ee18cc08-9acd-4e96-b7dc-0d8ab9ccce07/", "ios-proxy-socket/", "version" ], IsUnc: False, Host: "devicehost7.prod", Port: 6767, Query: "", Fragment: "", Scheme: "https", OriginalString: "https://devicehost7.prod:6767/sessions/token-ee18cc08-9acd-4e96-b7dc-0d8ab9ccce07/ios-proxy-socket/version", DnsSafeHost: "devicehost7.prod", IdnHost: "devicehost7.prod", IsAbsoluteUri: True, UserEscaped: False, UserInfo: "" } }
24-04-2019 15:49:56.932 +02:00 - 9288 - GET Complete { StatusCode: 200, Contents: "{"device_family":"iPhone","outcome":"SUCCESS","server_port":37265,"simulator":"","app_name":"XTCiOSSampleProject","app_version":"2.0","screen_dimensions":{"height":1334,"bounds":{"y":0,"x":0,"width":375,"height":667},"sample":1,"native_bounds":{"y":0,"x":0,"width":750,"height":1334},"width":750,"native_scale":2,"bounds_portrait_height":667,"bounds_portrait_width":375,"scale":2},"git":{"revision":"c36c12ce","remote_origin":"https:\/\/github.com\/calabash\/calabash-ios-server.git","branch":"HEAD"},"device_name":"iPhone","4inch":false,"app_id":"com.xamarin.XTCiOSSampleProject","form_factor":"iphone 6","version":"0.21.7","server_identifier_to_skip":"","short_version_string":"1.0","server_identifier":"c36c12ce937d044d55d0c208f9d4502868233513","build_date":"2018-19-18 09:19:19 +0200","ios_version":"11.3.1","iphone_app_emulated_on_ipad":false,"model_identifier":"iPhone10,4","app_base_sdk":"iphoneos12.0"}" }
24-04-2019 15:49:56.943 +02:00 - 9299 - Test server version: 0.21.7
24-04-2019 15:49:56.949 +02:00 - 9305 - 2 - HTTP POST https://devicehost7.prod:6767/sessions/token-ee18cc08-9acd-4e96-b7dc-0d8ab9ccce07/ideviceteststarter/1.0/dismiss-springboard-alerts
24-04-2019 15:49:56.955 +02:00 - 9311 - 2 - HTTP request succeeded
24-04-2019 15:49:56.956 +02:00 - 9311 - 2 - HTTP POST complete
24-04-2019 15:49:56.956 +02:00 - 9311 - DeviceAgent springboard dismiss alerts response: OK - no alerts
24-04-2019 15:49:56.961 +02:00 - 9317 - HTTP POST { Url: { AbsolutePath: "/sessions/token-ee18cc08-9acd-4e96-b7dc-0d8ab9ccce07/ios-proxy-socket/map", AbsoluteUri: "https://devicehost7.prod:6767/sessions/token-ee18cc08-9acd-4e96-b7dc-0d8ab9ccce07/ios-proxy-socket/map", LocalPath: "/sessions/token-ee18cc08-9acd-4e96-b7dc-0d8ab9ccce07/ios-proxy-socket/map", Authority: "devicehost7.prod:6767", HostNameType: Dns, IsDefaultPort: False, IsFile: False, IsLoopback: False, PathAndQuery: "/sessions/token-ee18cc08-9acd-4e96-b7dc-0d8ab9ccce07/ios-proxy-socket/map", Segments: [ "/", "sessions/", "token-ee18cc08-9acd-4e96-b7dc-0d8ab9ccce07/", "ios-proxy-socket/", "map" ], IsUnc: False, Host: "devicehost7.prod", Port: 6767, Query: "", Fragment: "", Scheme: "https", OriginalString: "https://devicehost7.prod:6767/sessions/token-ee18cc08-9acd-4e96-b7dc-0d8ab9ccce07/ios-proxy-socket/map", DnsSafeHost: "devicehost7.prod", IdnHost: "devicehost7.prod", IsAbsoluteUri: True, UserEscaped: False, UserInfo: "" } }
24-04-2019 15:49:57.009 +02:00 - 9364 - POST Complete { StatusCode: OK, StatusDescription: "OK", ResponseHeaders: "Server: nginx/1.2.7
Date: Wed, 24 Apr 2019 13:49:57 GMT
Connection: keep-alive
Access-Control-Allow-Credentials: true
Access-Control-Max-Age: 3000
Access-Control-Allow-Methods: GET, POST, PUT, DELETE, OPTIONS
Accept-Ranges: bytes
Access-Control-Allow-Origin: *
", Contents: "{"status_bar_orientation":"down","results":[],"outcome":"SUCCESS"}" }
24-04-2019 15:49:57.339 +02:00 - 9694 - 3 - HTTP POST https://devicehost7.prod:6767/sessions/token-ee18cc08-9acd-4e96-b7dc-0d8ab9ccce07/ideviceteststarter/1.0/dismiss-springboard-alerts
24-04-2019 15:49:57.349 +02:00 - 9704 - 3 - HTTP request succeeded
24-04-2019 15:49:57.349 +02:00 - 9704 - 3 - HTTP POST complete
24-04-2019 15:49:57.349 +02:00 - 9704 - DeviceAgent springboard dismiss alerts response: OK - no alerts
24-04-2019 15:49:57.350 +02:00 - 9705 - HTTP POST { Url: { AbsolutePath: "/sessions/token-ee18cc08-9acd-4e96-b7dc-0d8ab9ccce07/ios-proxy-socket/map", AbsoluteUri: "https://devicehost7.prod:6767/sessions/token-ee18cc08-9acd-4e96-b7dc-0d8ab9ccce07/ios-proxy-socket/map", LocalPath: "/sessions/token-ee18cc08-9acd-4e96-b7dc-0d8ab9ccce07/ios-proxy-socket/map", Authority: "devicehost7.prod:6767", HostNameType: Dns, IsDefaultPort: False, IsFile: False, IsLoopback: False, PathAndQuery: "/sessions/token-ee18cc08-9acd-4e96-b7dc-0d8ab9ccce07/ios-proxy-socket/map", Segments: [ "/", "sessions/", "token-ee18cc08-9acd-4e96-b7dc-0d8ab9ccce07/", "ios-proxy-socket/", "map" ], IsUnc: False, Host: "devicehost7.prod", Port: 6767, Query: "", Fragment: "", Scheme: "https", OriginalString: "https://devicehost7.prod:6767/sessions/token-ee18cc08-9acd-4e96-b7dc-0d8ab9ccce07/ios-proxy-socket/map", DnsSafeHost: "devicehost7.prod", IdnHost: "devicehost7.prod", IsAbsoluteUri: True, UserEscaped: False, UserInfo: "" } }
24-04-2019 15:49:57.405 +02:00 - 9760 - POST Complete { StatusCode: OK, StatusDescription: "OK", ResponseHeaders: "Server: nginx/1.2.7
Date: Wed, 24 Apr 2019 13:49:57 GMT
Connection: keep-alive
Access-Control-Allow-Credentials: true
Access-Control-Max-Age: 3000
Access-Control-Allow-Methods: GET, POST, PUT, DELETE, OPTIONS
Accept-Ranges: bytes
Access-Control-Allow-Origin: *
", Contents: "{"status_bar_orientation":"down","results":[{"alpha":1,"enabled":true,"id":null,"visible":1,"frame":{"y":0,"x":0,"width":375,"height":667},"accessibilityElement":false,"class":"UIWindow","label":null,"description":"<UIWindow: 0x13411d8f0; frame = (0 0; 375 667); gestureRecognizers = <NSArray: 0x1d4442580>; layer = <UIWindowLayer: 0x1d4436200>>","value":null,"rect":{"y":0,"center_x":187.5,"center_y":333.5,"x":0,"width":375,"height":667}},{"alpha":1,"enabled":true,"id":null,"visible":1,"frame":{"y":0,"x":0,"width":375,"height":667},"accessibilityElement":false,"class":"UILayoutContainerView","label":null,"description":"<UILayoutContainerView: 0x134140510; frame = (0 0; 375 667); autoresize = W+H; gestureRecognizers = <NSArray: 0x1d02456a0>; layer = <CALayer: 0x1d4436da0>>","value":null,"rect":{"y":0,"center_x":187.5,"center_y":333.5,"x":0,"width":375,"height":667}},{"alpha":1,"enabled":true,"id":null,"visible":1,"frame":{"y":0,"x":0,"width":375,"height":667},"accessibilityElement":false,"class":"UINavigationTransitionView","label":null,"description":"<UINavigationTransitionView: 0x134212a50; frame = (0 0; 375 667); clipsToBounds = YES; autoresize = W+H; layer = <CALayer: 0x1d003b520>>","value":null,"rect":{"y":0,"center_x":187.5,"center_y":333.5,"x":0,"width":375,"height":667}},{"alpha":1,"enabled":true,"id":null,"visible":1,"frame":{"y":0,"x":0,"width":375,"height":667},"accessibilityElement":false,"class":"UIViewControllerWrapperView","label":null,"description":"<UIViewControllerWrapperView: 0x1341616a0; frame = (0 0; 375 667); autoresize = W+H; layer = <CALayer: 0x1d443faa0>>","value":null,"rect":{"y":0,"center_x":187.5,"center_y":333.5,"x":0,"width":375,"height":667}},{"alpha":1,"enabled":true,"id":null,"visible":1,"frame":{"y":0,"x":0,"width":375,"height":667},"accessibilityElement":false,"class":"UIView","label":null,"description":"<UIView: 0x134109820; frame = (0 0; 375 667); autoresize = W+H; layer = <CALayer: 0x1d44391e0>>","value":null,"rect":{"y":0,"center_x":187.5,"center_y":333.5,"x":0,"width":375,"height":667}},{"alpha":1,"enabled":true,"id":null,"visible":1,"frame":{"y":0,"x":0,"width":320,"height":568},"accessibilityElement":false,"class":"UIView","label":null,"description":"<UIView: 0x1341604d0; frame = (0 0; 320 568); autoresize = RM+BM; layer = <CALayer: 0x1d4439200>>","value":null,"rect":{"y":0,"center_x":160,"center_y":284,"x":0,"width":320,"height":568}},{"id":null,"description":"<UIButton: 0x1341606c0; frame = (17 88; 280 28); opaque = NO; autoresize = RM+BM; layer = <CALayer: 0x1d4439220>>","label":"Web View","frame":{"y":88,"x":17,"width":280,"height":28},"accessibilityElement":true,"value":null,"alpha":1,"enabled":true,"visible":1,"selected":false,"class":"UIButton","rect":{"y":88,"center_x":157,"center_y":102,"x":17,"width":280,"height":28}},{"id":null,"description":"<UIButtonLabel: 0x134166dc0; frame = (96.5 2; 87 24); text = 'Web View'; opaque = NO; userInteractionEnabled = NO; layer = <_UILabelLayer: 0x1d4288980>>","label":"Web View","frame":{"y":2,"x":96.5,"width":87,"height":24},"accessibilityElement":true,"value":"Web View","alpha":1,"enabled":true,"visible":1,"text":"Web View","class":"UIButtonLabel","rect":{"y":90,"center_x":157,"center_y":102,"x":113.5,"width":87,"height":24}},{"id":null,"description":"<UIButton: 0x13415ecf0; frame = (17 123; 280 28); opaque = NO; autoresize = RM+BM; layer = <CALayer: 0x1d4438d20>>","label":"Date Picker","frame":{"y":123,"x":17,"width":280,"height":28},"accessibilityElement":true,"value":null,"alpha":1,"enabled":true,"visible":1,"selected":false,"class":"UIButton","rect":{"y":123,"center_x":157,"center_y":137,"x":17,"width":280,"height":28}},{"id":null,"description":"<UIButtonLabel: 0x134166ac0; frame = (90.5 2; 99 24); text = 'Date Picker'; opaque = NO; userInteractionEnabled = NO; layer = <_UILabelLayer: 0x1d4288890>>","label":"Date Picker","frame":{"y":2,"x":90.5,"width":99,"height":24},"accessibilityElement":true,"value":"Date Picker","alpha":1,"enabled":true,"visible":1,"text":"Date Picker","class":"UIButtonLabel","rect":{"y":125,"center_x":157,"center_y":137,"x":107.5,"width":99,"height":24}},{"id":"Scroll Screen","description":"<UIButton: 0x13415fe90; frame = (17 153; 280 28); opaque = NO; autoresize = RM+BM; layer = <CALayer: 0x1d4439080>>","label":"Scroll Screen","frame":{"y":153,"x":17,"width":280,"height":28},"accessibilityElement":true,"value":null,"alpha":1,"enabled":true,"visible":1,"selected":false,"class":"UIButton","rect":{"y":153,"center_x":157,"center_y":167,"x":17,"width":280,"height":28}},{"id":null,"description":"<UIButtonLabel: 0x1341667c0; frame = (83 2; 114 24); text = 'Scroll Screen'; opaque = NO; userInteractionEnabled = NO; layer = <_UILabelLayer: 0x1d4288750>>","label":"Scroll Screen","frame":{"y":2,"x":83,"width":114,"height":24},"accessibilityElement":true,"value":"Scroll Screen","alpha":1,"enabled":true,"visible":1,"text":"Scroll Screen","class":"UIButtonLabel","rect":{"y":155,"center_x":157,"center_y":167,"x":100,"width":114,"height":24}},{"id":null,"description":"<UIButton: 0x13415f530; frame = (17 183; 280 28); opaque = NO; autoresize = RM+BM; layer = <CALayer: 0x1d4438e80>>","label":"Input with Spell Check","frame":{"y":183,"x":17,"width":280,"height":28},"accessibilityElement":true,"value":null,"alpha":1,"enabled":true,"visible":1,"selected":false,"class":"UIButton","rect":{"y":183,"center_x":157,"center_y":197,"x":17,"width":280,"height":28}},{"id":null,"description":"<UIButtonLabel: 0x1341664c0; frame = (43 2; 194 24); text = 'Input with Spell Check'; opaque = NO; userInteractionEnabled = NO; layer = <_UILabelLayer: 0x1d4288610>>","label":"Input with Spell Check","frame":{"y":2,"x":43,"width":194,"height":24},"accessibilityElement":true,"value":"Input with Spell Check","alpha":1,"enabled":true,"visible":1,"text":"Input with Spell Check","class":"UIButtonLabel","rect":{"y":185,"center_x":157,"center_y":197,"x":60,"width":194,"height":24}},{"id":null,"description":"<UIButton: 0x13415f210; frame = (17 213; 280 35); opaque = NO; autoresize = RM+BM; layer = <CALayer: 0x1d4438de0>>","label":"Directional Swipe Measurer","frame":{"y":213,"x":17,"width":280,"height":35},"accessibilityElement":true,"value":null,"alpha":1,"enabled":true,"visible":1,"selected":false,"class":"UIButton","rect":{"y":213,"center_x":157,"center_y":230.5,"x":17,"width":280,"height":35}},{"id":null,"description":"<UIButtonLabel: 0x1341661c0; frame = (21.5 5.5; 237 24); text = 'Directional Swipe Measure...'; opaque = NO; userInteractionEnabled = NO; layer = <_UILabelLayer: 0x1d4288430>>","label":"Directional Swipe Measurer","frame":{"y":5.5,"x":21.5,"width":237,"height":24},"accessibilityElement":true,"value":"Directional Swipe Measurer","alpha":1,"enabled":true,"visible":1,"text":"Directional Swipe Measurer","class":"UIButtonLabel","rect":{"y":218.5,"center_x":157,"center_y":230.5,"x":38.5,"width":237,"height":24}},{"id":null,"description":"<UIButton: 0x1341609e0; frame = (17 243; 280 29); opaque = NO; autoresize = RM+BM; layer = <CALayer: 0x1d44392a0>>","label":"Views Sample","frame":{"y":243,"x":17,"width":280,"height":29},"accessibilityElement":true,"value":null,"alpha":1,"enabled":true,"visible":1,"selected":false,"class":"UIButton","rect":{"y":243,"center_x":157,"center_y":257.5,"x":17,"width":280,"height":29}},{"id":null,"description":"<UIButtonLabel: 0x134165ec0; frame = (79 2.5; 122 24); text = 'Views Sample'; opaque = NO; userInteractionEnabled = NO; layer = <_UILabelLayer: 0x1d42882f0>>","label":"Views Sample","frame":{"y":2.5,"x":79,"width":122,"height":24},"accessibilityElement":true,"value":"Views Sample","alpha":1,"enabled":true,"visible":1,"text":"Views Sample","class":"UIButtonLabel","rect":{"y":245.5,"center_x":157,"center_y":257.5,"x":96,"width":122,"height":24}},{"id":null,"description":"<UIButton: 0x134160d00; frame = (17 273; 280 22); opaque = NO; autoresize = RM+BM; layer = <CALayer: 0x1d4439340>>","label":"View Data","frame":{"y":273,"x":17,"width":280,"height":22},"accessibilityElement":true,"value":null,"alpha":1,"enabled":true,"visible":1,"selected":false,"class":"UIButton","rect":{"y":273,"center_x":157,"center_y":284,"x":17,"width":280,"height":22}},{"id":null,"description":"<UIButtonLabel: 0x134165bc0; frame = (96 -1; 88 24); text = 'View Data'; opaque = NO; userInteractionEnabled = NO; layer = <_UILabelLayer: 0x1d4287e40>>","label":"View Data","frame":{"y":-1,"x":96,"width":88,"height":24},"accessibilityElement":true,"value":"View Data","alpha":1,"enabled":true,"visible":1,"text":"View Data","class":"UIButtonLabel","rect":{"y":272,"center_x":157,"center_y":284,"x":113,"width":88,"height":24}},{"id":null,"description":"<UIButton: 0x13415fb70; frame = (17 303; 280 28); opaque = NO; autoresize = RM+BM; layer = <CALayer: 0x1d4438fc0>>","label":"Orientations","frame":{"y":303,"x":17,"width":280,"height":28},"accessibilityElement":true,"value":null,"alpha":1,"enabled":true,"visible":1,"selected":false,"class":"UIButton","rect":{"y":303,"center_x":157,"center_y":317,"x":17,"width":280,"height":28}},{"id":null,"description":"<UIButtonLabel: 0x134164640; frame = (87 2; 106.5 24); text = 'Orientations'; opaque = NO; userInteractionEnabled = NO; layer = <_UILabelLayer: 0x1d4287cb0>>","label":"Orientations","frame":{"y":2,"x":87,"width":106.5,"height":24},"accessibilityElement":true,"value":"Orientations","alpha":1,"enabled":true,"visible":1,"text":"Orientations","class":"UIButtonLabel","rect":{"y":305,"center_x":157.25,"center_y":317,"x":104,"width":106.5,"height":24}},{"id":null,"description":"<UIButton: 0x1341601b0; frame = (17 363; 280 27); opaque = NO; autoresize = RM+BM; layer = <CALayer: 0x1d4439140>>","label":"Tap","frame":{"y":363,"x":17,"width":280,"height":27},"accessibilityElement":true,"value":null,"alpha":1,"enabled":true,"visible":1,"selected":false,"class":"UIButton","rect":{"y":363,"center_x":157,"center_y":376.5,"x":17,"width":280,"height":27}},{"id":null,"description":"<UIButtonLabel: 0x134164040; frame = (124.5 1.5; 31.5 24); text = 'Tap'; opaque = NO; userInteractionEnabled = NO; layer = <_UILabelLayer: 0x1d4287a80>>","label":"Tap","frame":{"y":1.5,"x":124.5,"width":31.5,"height":24},"accessibilityElement":true,"value":"Tap","alpha":1,"enabled":true,"visible":1,"text":"Tap","class":"UIButtonLabel","rect":{"y":364.5,"center_x":157.25,"center_y":376.5,"x":141.5,"width":31.5,"height":24}},{"id":null,"description":"<UIButton: 0x13415f850; frame = (17 393; 280 29); opaque = NO; autoresize = RM+BM; layer = <CALayer: 0x1d4438f20>>","label":"Location","frame":{"y":393,"x":17,"width":280,"height":29},"accessibilityElement":true,"value":null,"alpha":1,"enabled":true,"visible":1,"selected":false,"class":"UIButton","rect":{"y":393,"center_x":157,"center_y":407.5,"x":17,"width":280,"height":29}},{"id":null,"description":"<UIButtonLabel: 0x134164bc0; frame = (102.5 2.5; 75.5 24); text = 'Location'; opaque = NO; userInteractionEnabled = NO; layer = <_UILabelLayer: 0x1d42875d0>>","label":"Location","frame":{"y":2.5,"x":102.5,"width":75.5,"height":24},"accessibilityElement":true,"value":"Location","alpha":1,"enabled":true,"visible":1,"text":"Location","class":"UIButtonLabel","rect":{"y":395.5,"center_x":157.25,"center_y":407.5,"x":119.5,"width":75.5,"height":24}},{"id":null,"description":"<UIButton: 0x134161020; frame = (17 423; 280 29); opaque = NO; autoresize = RM+BM; layer = <CALayer: 0x1d44393c0>>","label":"Web View Swipe","frame":{"y":423,"x":17,"width":280,"height":29},"accessibilityElement":true,"value":null,"alpha":1,"enabled":true,"visible":1,"selected":false,"class":"UIButton","rect":{"y":423,"center_x":157,"center_y":437.5,"x":17,"width":280,"height":29}},{"id":null,"description":"<UIButtonLabel: 0x134162e90; frame = (68 2.5; 144.5 24); text = 'Web View Swipe'; opaque = NO; userInteractionEnabled = NO; layer = <_UILabelLayer: 0x1d42873a0>>","label":"Web View Swipe","frame":{"y":2.5,"x":68,"width":144.5,"height":24},"accessibilityElement":true,"value":"Web View Swipe","alpha":1,"enabled":true,"visible":1,"text":"Web View Swipe","class":"UIButtonLabel","rect":{"y":425.5,"center_x":157.25,"center_y":437.5,"x":85,"width":144.5,"height":24}},{"id":"crash","description":"<UIButton: 0x13415e350; frame = (23 333; 280 28); opaque = NO; autoresize = RM+BM; layer = <CALayer: 0x1d4438920>>","label":"crash","frame":{"y":333,"x":23,"width":280,"height":28},"accessibilityElement":true,"value":null,"alpha":1,"enabled":true,"visible":1,"selected":false,"class":"UIButton","rect":{"y":333,"center_x":163,"center_y":347,"x":23,"width":280,"height":28}},{"id":null,"description":"<UIButtonLabel: 0x134164340; frame = (60.5 2; 159.5 24); text = 'Crash on purpose!'; opaque = NO; userInteractionEnabled = NO; layer = <_UILabelLayer: 0x1d4287bc0>>","label":"Crash on purpose!","frame":{"y":2,"x":60.5,"width":159.5,"height":24},"accessibilityElement":true,"value":"Crash on purpose!","alpha":1,"enabled":true,"visible":1,"text":"Crash on purpose!","class":"UIButtonLabel","rect":{"y":335,"center_x":163.25,"center_y":347,"x":83.5,"width":159.5,"height":24}},{"alpha":1,"enabled":true,"id":"XTC iOS Sample","visible":1,"frame":{"y":20,"x":0,"width":375,"height":44},"accessibilityElement":false,"class":"UINavigationBar","label":null,"description":"<UINavigationBar: 0x1341149a0; frame = (0 20; 375 44); opaque = NO; autoresize = W; layer = <CALayer: 0x1d4436de0>>","value":null,"rect":{"y":20,"center_x":187.5,"center_y":42,"x":0,"width":375,"height":44}},{"alpha":1,"enabled":false,"id":null,"visible":1,"frame":{"y":-20,"x":0,"width":375,"height":64},"accessibilityElement":false,"class":"_UIBarBackground","label":null,"description":"<_UIBarBackground: 0x13414c640; frame = (0 -20; 375 64); userInteractionEnabled = NO; layer = <CALayer: 0x1d4436e00>>","value":null,"rect":{"y":0,"center_x":187.5,"center_y":32,"x":0,"width":375,"height":64}},{"alpha":1,"enabled":true,"id":null,"visible":1,"frame":{"y":0,"x":0,"width":375,"height":64},"accessibilityElement":false,"class":"UIVisualEffectView","label":null,"description":"<UIVisualEffectView: 0x134152480; frame = (0 0; 375 64); layer = <CALayer: 0x1d4436e60>>","value":null,"rect":{"y":0,"center_x":187.5,"center_y":32,"x":0,"width":375,"height":64}},{"alpha":1,"enabled":false,"id":null,"visible":1,"frame":{"y":0,"x":0,"width":375,"height":64},"accessibilityElement":false,"class":"_UIVisualEffectBackdropView","label":null,"description":"<_UIVisualEffectBackdropView: 0x13420e800; frame = (0 0; 375 64); autoresize = W+H; userInteractionEnabled = NO; layer = <UICABackdropLayer: 0x1d003abe0>>","value":null,"rect":{"y":0,"center_x":187.5,"center_y":32,"x":0,"width":375,"height":64}},{"alpha":1,"enabled":false,"id":null,"visible":1,"frame":{"y":0,"x":0,"width":375,"height":64},"accessibilityElement":false,"class":"_UIVisualEffectSubview","label":null,"description":"<_UIVisualEffectSubview: 0x13420f3d0; frame = (0 0; 375 64); autoresize = W+H; userInteractionEnabled = NO; layer = <CALayer: 0x1d003ade0>>","value":null,"rect":{"y":0,"center_x":187.5,"center_y":32,"x":0,"width":375,"height":64}},{"alpha":1,"enabled":false,"id":null,"visible":1,"frame":{"y":64,"x":0,"width":375,"height":0.5},"accessibilityElement":false,"class":"UIImageView","label":null,"description":"<UIImageView: 0x1341516a0; frame = (0 64; 375 0.5); userInteractionEnabled = NO; layer = <CALayer: 0x1d4436e40>> - (null)","value":null,"rect":{"y":64,"center_x":187.5,"center_y":64.25,"x":0,"width":375,"height":0.5}},{"alpha":1,"enabled":true,"id":null,"visible":1,"frame":{"y":0,"x":0,"width":375,"height":44},"accessibilityElement":false,"class":"_UINavigationBarContentView","label":null,"description":"<_UINavigationBarContentView: 0x134136260; frame = (0 0; 375 44); layer = <CALayer: 0x1d4436ec0>>","value":null,"rect":{"y":20,"center_x":187.5,"center_y":42,"x":0,"width":375,"height":44}},{"id":null,"description":"<UILabel: 0x134131820; frame = (122.5 12; 130 20.5); text = 'XTC iOS Sample'; userInteractionEnabled = NO; layer = <_UILabelLayer: 0x1d409a180>>","label":"XTC iOS Sample","frame":{"y":12,"x":122.5,"width":130,"height":20.5},"accessibilityElement":true,"value":"XTC iOS Sample","alpha":1,"enabled":true,"visible":1,"text":"XTC iOS Sample","class":"UILabel","rect":{"y":32,"center_x":187.5,"center_y":42.25,"x":122.5,"width":130,"height":20.5}}],"outcome":"SUCCESS"}" }
24-04-2019 15:49:57.925 +02:00 - 10280 - HTTP POST { Url: { AbsolutePath: "/sessions/token-ee18cc08-9acd-4e96-b7dc-0d8ab9ccce07/ios-proxy-socket/condition", AbsoluteUri: "https://devicehost7.prod:6767/sessions/token-ee18cc08-9acd-4e96-b7dc-0d8ab9ccce07/ios-proxy-socket/condition", LocalPath: "/sessions/token-ee18cc08-9acd-4e96-b7dc-0d8ab9ccce07/ios-proxy-socket/condition", Authority: "devicehost7.prod:6767", HostNameType: Dns, IsDefaultPort: False, IsFile: False, IsLoopback: False, PathAndQuery: "/sessions/token-ee18cc08-9acd-4e96-b7dc-0d8ab9ccce07/ios-proxy-socket/condition", Segments: [ "/", "sessions/", "token-ee18cc08-9acd-4e96-b7dc-0d8ab9ccce07/", "ios-proxy-socket/", "condition" ], IsUnc: False, Host: "devicehost7.prod", Port: 6767, Query: "", Fragment: "", Scheme: "https", OriginalString: "https://devicehost7.prod:6767/sessions/token-ee18cc08-9acd-4e96-b7dc-0d8ab9ccce07/ios-proxy-socket/condition", DnsSafeHost: "devicehost7.prod", IdnHost: "devicehost7.prod", IsAbsoluteUri: True, UserEscaped: False, UserInfo: "" } }
24-04-2019 15:49:58.340 +02:00 - 10695 - POST Complete { StatusCode: OK, StatusDescription: "OK", ResponseHeaders: "Server: nginx/1.2.7
Date: Wed, 24 Apr 2019 13:49:57 GMT
Transfer-Encoding: chunked
Connection: keep-alive
Accept-Ranges: bytes
", Contents: "{"results":[],"outcome":"SUCCESS"}" }
24-04-2019 15:49:58.446 +02:00 - 10801 - 4 - HTTP POST https://devicehost7.prod:6767/sessions/token-ee18cc08-9acd-4e96-b7dc-0d8ab9ccce07/ideviceteststarter/1.0/dismiss-springboard-alerts
24-04-2019 15:49:58.463 +02:00 - 10818 - 4 - HTTP request succeeded
24-04-2019 15:49:58.468 +02:00 - 10824 - 4 - HTTP POST complete
24-04-2019 15:49:58.474 +02:00 - 10829 - DeviceAgent springboard dismiss alerts response: OK - no alerts
24-04-2019 15:49:58.482 +02:00 - 10838 - HTTP POST { Url: { AbsolutePath: "/sessions/token-ee18cc08-9acd-4e96-b7dc-0d8ab9ccce07/ios-proxy-socket/map", AbsoluteUri: "https://devicehost7.prod:6767/sessions/token-ee18cc08-9acd-4e96-b7dc-0d8ab9ccce07/ios-proxy-socket/map", LocalPath: "/sessions/token-ee18cc08-9acd-4e96-b7dc-0d8ab9ccce07/ios-proxy-socket/map", Authority: "devicehost7.prod:6767", HostNameType: Dns, IsDefaultPort: False, IsFile: False, IsLoopback: False, PathAndQuery: "/sessions/token-ee18cc08-9acd-4e96-b7dc-0d8ab9ccce07/ios-proxy-socket/map", Segments: [ "/", "sessions/", "token-ee18cc08-9acd-4e96-b7dc-0d8ab9ccce07/", "ios-proxy-socket/", "map" ], IsUnc: False, Host: "devicehost7.prod", Port: 6767, Query: "", Fragment: "", Scheme: "https", OriginalString: "https://devicehost7.prod:6767/sessions/token-ee18cc08-9acd-4e96-b7dc-0d8ab9ccce07/ios-proxy-socket/map", DnsSafeHost: "devicehost7.prod", IdnHost: "devicehost7.prod", IsAbsoluteUri: True, UserEscaped: False, UserInfo: "" } }
24-04-2019 15:49:58.503 +02:00 - 10858 - POST Complete { StatusCode: OK, StatusDescription: "OK", ResponseHeaders: "Server: nginx/1.2.7
Date: Wed, 24 Apr 2019 13:49:58 GMT
Connection: keep-alive
Access-Control-Allow-Credentials: true
Access-Control-Max-Age: 3000
Access-Control-Allow-Methods: GET, POST, PUT, DELETE, OPTIONS
Accept-Ranges: bytes
Access-Control-Allow-Origin: *
", Contents: "{"status_bar_orientation":"down","results":[{"id":null,"description":"<UIButton: 0x13415f850; frame = (17 393; 280 29); opaque = NO; autoresize = RM+BM; layer = <CALayer: 0x1d4438f20>>","label":"Location","frame":{"y":393,"x":17,"width":280,"height":29},"accessibilityElement":true,"value":null,"alpha":1,"enabled":true,"visible":1,"selected":false,"class":"UIButton","rect":{"y":393,"center_x":157,"center_y":407.5,"x":17,"width":280,"height":29}}],"outcome":"SUCCESS"}" }
24-04-2019 15:49:58.504 +02:00 - 10859 - 5 - HTTP POST https://devicehost7.prod:6767/sessions/token-ee18cc08-9acd-4e96-b7dc-0d8ab9ccce07/ideviceteststarter/1.0/dismiss-springboard-alerts
24-04-2019 15:49:58.511 +02:00 - 10866 - 5 - HTTP request succeeded
24-04-2019 15:49:58.511 +02:00 - 10866 - 5 - HTTP POST complete
24-04-2019 15:49:58.511 +02:00 - 10866 - DeviceAgent springboard dismiss alerts response: OK - no alerts
24-04-2019 15:49:58.512 +02:00 - 10867 - HTTP POST { Url: { AbsolutePath: "/sessions/token-ee18cc08-9acd-4e96-b7dc-0d8ab9ccce07/ios-proxy-socket/map", AbsoluteUri: "https://devicehost7.prod:6767/sessions/token-ee18cc08-9acd-4e96-b7dc-0d8ab9ccce07/ios-proxy-socket/map", LocalPath: "/sessions/token-ee18cc08-9acd-4e96-b7dc-0d8ab9ccce07/ios-proxy-socket/map", Authority: "devicehost7.prod:6767", HostNameType: Dns, IsDefaultPort: False, IsFile: False, IsLoopback: False, PathAndQuery: "/sessions/token-ee18cc08-9acd-4e96-b7dc-0d8ab9ccce07/ios-proxy-socket/map", Segments: [ "/", "sessions/", "token-ee18cc08-9acd-4e96-b7dc-0d8ab9ccce07/", "ios-proxy-socket/", "map" ], IsUnc: False, Host: "devicehost7.prod", Port: 6767, Query: "", Fragment: "", Scheme: "https", OriginalString: "https://devicehost7.prod:6767/sessions/token-ee18cc08-9acd-4e96-b7dc-0d8ab9ccce07/ios-proxy-socket/map", DnsSafeHost: "devicehost7.prod", IdnHost: "devicehost7.prod", IsAbsoluteUri: True, UserEscaped: False, UserInfo: "" } }
24-04-2019 15:49:58.523 +02:00 - 10878 - POST Complete { StatusCode: OK, StatusDescription: "OK", ResponseHeaders: "Server: nginx/1.2.7
Date: Wed, 24 Apr 2019 13:49:58 GMT
Connection: keep-alive
Access-Control-Allow-Credentials: true
Access-Control-Max-Age: 3000
Access-Control-Allow-Methods: GET, POST, PUT, DELETE, OPTIONS
Accept-Ranges: bytes
Access-Control-Allow-Origin: *
", Contents: "{"status_bar_orientation":"down","results":[{"id":null,"description":"<UIButton: 0x13415f850; frame = (17 393; 280 29); opaque = NO; autoresize = RM+BM; layer = <CALayer: 0x1d4438f20>>","label":"Location","frame":{"y":393,"x":17,"width":280,"height":29},"accessibilityElement":true,"value":null,"alpha":1,"enabled":true,"visible":1,"selected":false,"class":"UIButton","rect":{"y":393,"center_x":157,"center_y":407.5,"x":17,"width":280,"height":29}}],"outcome":"SUCCESS"}" }
24-04-2019 15:49:58.820 +02:00 - 11175 - Tapping element matching Button("Location") at coordinates [ 157, 407.5 ].
24-04-2019 15:49:58.837 +02:00 - 11192 - 6 - HTTP POST https://devicehost7.prod:6767/sessions/token-ee18cc08-9acd-4e96-b7dc-0d8ab9ccce07/ideviceteststarter/1.0/gesture { specifiers: { coordinate: { x: 157, y: 407.5 } }, gesture: "touch", options:  }
24-04-2019 15:49:59.054 +02:00 - 11409 - 6 - HTTP request succeeded
24-04-2019 15:49:59.056 +02:00 - 11411 - 6 - HTTP POST complete
24-04-2019 15:49:59.056 +02:00 - 11411 - DeviceAgent touch response: OK - success
24-04-2019 15:49:59.058 +02:00 - 11413 - Waiting for element matching Marked("Authorized").
24-04-2019 15:49:59.058 +02:00 - 11413 - 7 - HTTP POST https://devicehost7.prod:6767/sessions/token-ee18cc08-9acd-4e96-b7dc-0d8ab9ccce07/ideviceteststarter/1.0/dismiss-springboard-alerts
24-04-2019 15:49:59.064 +02:00 - 11419 - 7 - HTTP request succeeded
24-04-2019 15:49:59.064 +02:00 - 11420 - 7 - HTTP POST complete
24-04-2019 15:49:59.065 +02:00 - 11420 - DeviceAgent springboard dismiss alerts response: OK - no alerts
24-04-2019 15:49:59.065 +02:00 - 11420 - HTTP POST { Url: { AbsolutePath: "/sessions/token-ee18cc08-9acd-4e96-b7dc-0d8ab9ccce07/ios-proxy-socket/map", AbsoluteUri: "https://devicehost7.prod:6767/sessions/token-ee18cc08-9acd-4e96-b7dc-0d8ab9ccce07/ios-proxy-socket/map", LocalPath: "/sessions/token-ee18cc08-9acd-4e96-b7dc-0d8ab9ccce07/ios-proxy-socket/map", Authority: "devicehost7.prod:6767", HostNameType: Dns, IsDefaultPort: False, IsFile: False, IsLoopback: False, PathAndQuery: "/sessions/token-ee18cc08-9acd-4e96-b7dc-0d8ab9ccce07/ios-proxy-socket/map", Segments: [ "/", "sessions/", "token-ee18cc08-9acd-4e96-b7dc-0d8ab9ccce07/", "ios-proxy-socket/", "map" ], IsUnc: False, Host: "devicehost7.prod", Port: 6767, Query: "", Fragment: "", Scheme: "https", OriginalString: "https://devicehost7.prod:6767/sessions/token-ee18cc08-9acd-4e96-b7dc-0d8ab9ccce07/ios-proxy-socket/map", DnsSafeHost: "devicehost7.prod", IdnHost: "devicehost7.prod", IsAbsoluteUri: True, UserEscaped: False, UserInfo: "" } }
24-04-2019 15:49:59.077 +02:00 - 11432 - POST Complete { StatusCode: OK, StatusDescription: "OK", ResponseHeaders: "Server: nginx/1.2.7
Date: Wed, 24 Apr 2019 13:49:59 GMT
Connection: keep-alive
Access-Control-Allow-Credentials: true
Access-Control-Max-Age: 3000
Access-Control-Allow-Methods: GET, POST, PUT, DELETE, OPTIONS
Accept-Ranges: bytes
Access-Control-Allow-Origin: *
", Contents: "{"status_bar_orientation":"down","results":[],"outcome":"SUCCESS"}" }
24-04-2019 15:49:59.475 +02:00 - 11830 - 8 - HTTP POST https://devicehost7.prod:6767/sessions/token-ee18cc08-9acd-4e96-b7dc-0d8ab9ccce07/ideviceteststarter/1.0/dismiss-springboard-alerts
24-04-2019 15:49:59.485 +02:00 - 11840 - 8 - HTTP request succeeded
24-04-2019 15:49:59.485 +02:00 - 11840 - 8 - HTTP POST complete
24-04-2019 15:49:59.485 +02:00 - 11841 - DeviceAgent springboard dismiss alerts response: OK - no alerts
24-04-2019 15:49:59.486 +02:00 - 11841 - HTTP POST { Url: { AbsolutePath: "/sessions/token-ee18cc08-9acd-4e96-b7dc-0d8ab9ccce07/ios-proxy-socket/map", AbsoluteUri: "https://devicehost7.prod:6767/sessions/token-ee18cc08-9acd-4e96-b7dc-0d8ab9ccce07/ios-proxy-socket/map", LocalPath: "/sessions/token-ee18cc08-9acd-4e96-b7dc-0d8ab9ccce07/ios-proxy-socket/map", Authority: "devicehost7.prod:6767", HostNameType: Dns, IsDefaultPort: False, IsFile: False, IsLoopback: False, PathAndQuery: "/sessions/token-ee18cc08-9acd-4e96-b7dc-0d8ab9ccce07/ios-proxy-socket/map", Segments: [ "/", "sessions/", "token-ee18cc08-9acd-4e96-b7dc-0d8ab9ccce07/", "ios-proxy-socket/", "map" ], IsUnc: False, Host: "devicehost7.prod", Port: 6767, Query: "", Fragment: "", Scheme: "https", OriginalString: "https://devicehost7.prod:6767/sessions/token-ee18cc08-9acd-4e96-b7dc-0d8ab9ccce07/ios-proxy-socket/map", DnsSafeHost: "devicehost7.prod", IdnHost: "devicehost7.prod", IsAbsoluteUri: True, UserEscaped: False, UserInfo: "" } }
24-04-2019 15:49:59.506 +02:00 - 11861 - POST Complete { StatusCode: OK, StatusDescription: "OK", ResponseHeaders: "Server: nginx/1.2.7
Date: Wed, 24 Apr 2019 13:49:59 GMT
Connection: keep-alive
Access-Control-Allow-Credentials: true
Access-Control-Max-Age: 3000
Access-Control-Allow-Methods: GET, POST, PUT, DELETE, OPTIONS
Accept-Ranges: bytes
Access-Control-Allow-Origin: *
", Contents: "{"status_bar_orientation":"down","results":[],"outcome":"SUCCESS"}" }
24-04-2019 15:49:59.891 +02:00 - 12246 - 9 - HTTP POST https://devicehost7.prod:6767/sessions/token-ee18cc08-9acd-4e96-b7dc-0d8ab9ccce07/ideviceteststarter/1.0/dismiss-springboard-alerts
24-04-2019 15:49:59.900 +02:00 - 12255 - 9 - HTTP request succeeded
24-04-2019 15:49:59.901 +02:00 - 12256 - 9 - HTTP POST complete
24-04-2019 15:49:59.901 +02:00 - 12256 - DeviceAgent springboard dismiss alerts response: OK - no alerts
24-04-2019 15:49:59.901 +02:00 - 12256 - HTTP POST { Url: { AbsolutePath: "/sessions/token-ee18cc08-9acd-4e96-b7dc-0d8ab9ccce07/ios-proxy-socket/map", AbsoluteUri: "https://devicehost7.prod:6767/sessions/token-ee18cc08-9acd-4e96-b7dc-0d8ab9ccce07/ios-proxy-socket/map", LocalPath: "/sessions/token-ee18cc08-9acd-4e96-b7dc-0d8ab9ccce07/ios-proxy-socket/map", Authority: "devicehost7.prod:6767", HostNameType: Dns, IsDefaultPort: False, IsFile: False, IsLoopback: False, PathAndQuery: "/sessions/token-ee18cc08-9acd-4e96-b7dc-0d8ab9ccce07/ios-proxy-socket/map", Segments: [ "/", "sessions/", "token-ee18cc08-9acd-4e96-b7dc-0d8ab9ccce07/", "ios-proxy-socket/", "map" ], IsUnc: False, Host: "devicehost7.prod", Port: 6767, Query: "", Fragment: "", Scheme: "https", OriginalString: "https://devicehost7.prod:6767/sessions/token-ee18cc08-9acd-4e96-b7dc-0d8ab9ccce07/ios-proxy-socket/map", DnsSafeHost: "devicehost7.prod", IdnHost: "devicehost7.prod", IsAbsoluteUri: True, UserEscaped: False, UserInfo: "" } }
24-04-2019 15:49:59.916 +02:00 - 12271 - POST Complete { StatusCode: OK, StatusDescription: "OK", ResponseHeaders: "Server: nginx/1.2.7
Date: Wed, 24 Apr 2019 13:49:59 GMT
Connection: keep-alive
Access-Control-Allow-Credentials: true
Access-Control-Max-Age: 3000
Access-Control-Allow-Methods: GET, POST, PUT, DELETE, OPTIONS
Accept-Ranges: bytes
Access-Control-Allow-Origin: *
", Contents: "{"status_bar_orientation":"down","results":[],"outcome":"SUCCESS"}" }
24-04-2019 15:50:00.174 +02:00 - 12529 - 10 - HTTP POST https://devicehost7.prod:6767/sessions/token-ee18cc08-9acd-4e96-b7dc-0d8ab9ccce07/ideviceteststarter/1.0/dismiss-springboard-alerts
24-04-2019 15:50:01.882 +02:00 - 14236 - 10 - HTTP request succeeded
24-04-2019 15:50:01.883 +02:00 - 14237 - 10 - HTTP POST complete
24-04-2019 15:50:01.883 +02:00 - 14237 - DeviceAgent springboard dismiss alerts response: OK - no alerts
24-04-2019 15:50:01.884 +02:00 - 14238 - HTTP POST { Url: { AbsolutePath: "/sessions/token-ee18cc08-9acd-4e96-b7dc-0d8ab9ccce07/ios-proxy-socket/map", AbsoluteUri: "https://devicehost7.prod:6767/sessions/token-ee18cc08-9acd-4e96-b7dc-0d8ab9ccce07/ios-proxy-socket/map", LocalPath: "/sessions/token-ee18cc08-9acd-4e96-b7dc-0d8ab9ccce07/ios-proxy-socket/map", Authority: "devicehost7.prod:6767", HostNameType: Dns, IsDefaultPort: False, IsFile: False, IsLoopback: False, PathAndQuery: "/sessions/token-ee18cc08-9acd-4e96-b7dc-0d8ab9ccce07/ios-proxy-socket/map", Segments: [ "/", "sessions/", "token-ee18cc08-9acd-4e96-b7dc-0d8ab9ccce07/", "ios-proxy-socket/", "map" ], IsUnc: False, Host: "devicehost7.prod", Port: 6767, Query: "", Fragment: "", Scheme: "https", OriginalString: "https://devicehost7.prod:6767/sessions/token-ee18cc08-9acd-4e96-b7dc-0d8ab9ccce07/ios-proxy-socket/map", DnsSafeHost: "devicehost7.prod", IdnHost: "devicehost7.prod", IsAbsoluteUri: True, UserEscaped: False, UserInfo: "" } }
24-04-2019 15:50:01.901 +02:00 - 14255 - POST Complete { StatusCode: OK, StatusDescription: "OK", ResponseHeaders: "Server: nginx/1.2.7
Date: Wed, 24 Apr 2019 13:50:01 GMT
Connection: keep-alive
Access-Control-Allow-Credentials: true
Access-Control-Max-Age: 3000
Access-Control-Allow-Methods: GET, POST, PUT, DELETE, OPTIONS
Accept-Ranges: bytes
Access-Control-Allow-Origin: *
", Contents: "{"status_bar_orientation":"down","results":[{"id":null,"description":"<UILabel: 0x134012940; frame = (46 254; 228 21); text = 'Authorized'; clipsToBounds = YES; opaque = NO; autoresize = RM+BM; userInteractionEnabled = NO; layer = <_UILabelLayer: 0x1c8092480>>","label":"Authorized","frame":{"y":254,"x":46,"width":228,"height":21},"accessibilityElement":true,"value":"Authorized","alpha":1,"enabled":true,"visible":1,"text":"Authorized","class":"UILabel","rect":{"y":254,"center_x":160,"center_y":264.5,"x":46,"width":228,"height":21}}],"outcome":"SUCCESS"}" }
24-04-2019 15:50:01.902 +02:00 - 14256 - 11 - HTTP POST https://devicehost7.prod:6767/sessions/token-ee18cc08-9acd-4e96-b7dc-0d8ab9ccce07/ideviceteststarter/1.0/dismiss-springboard-alerts
24-04-2019 15:50:01.912 +02:00 - 14266 - 11 - HTTP request succeeded
24-04-2019 15:50:01.912 +02:00 - 14266 - 11 - HTTP POST complete
24-04-2019 15:50:01.913 +02:00 - 14267 - DeviceAgent springboard dismiss alerts response: OK - no alerts
24-04-2019 15:50:01.913 +02:00 - 14267 - HTTP POST { Url: { AbsolutePath: "/sessions/token-ee18cc08-9acd-4e96-b7dc-0d8ab9ccce07/ios-proxy-socket/map", AbsoluteUri: "https://devicehost7.prod:6767/sessions/token-ee18cc08-9acd-4e96-b7dc-0d8ab9ccce07/ios-proxy-socket/map", LocalPath: "/sessions/token-ee18cc08-9acd-4e96-b7dc-0d8ab9ccce07/ios-proxy-socket/map", Authority: "devicehost7.prod:6767", HostNameType: Dns, IsDefaultPort: False, IsFile: False, IsLoopback: False, PathAndQuery: "/sessions/token-ee18cc08-9acd-4e96-b7dc-0d8ab9ccce07/ios-proxy-socket/map", Segments: [ "/", "sessions/", "token-ee18cc08-9acd-4e96-b7dc-0d8ab9ccce07/", "ios-proxy-socket/", "map" ], IsUnc: False, Host: "devicehost7.prod", Port: 6767, Query: "", Fragment: "", Scheme: "https", OriginalString: "https://devicehost7.prod:6767/sessions/token-ee18cc08-9acd-4e96-b7dc-0d8ab9ccce07/ios-proxy-socket/map", DnsSafeHost: "devicehost7.prod", IdnHost: "devicehost7.prod", IsAbsoluteUri: True, UserEscaped: False, UserInfo: "" } }
24-04-2019 15:50:01.927 +02:00 - 14281 - POST Complete { StatusCode: OK, StatusDescription: "OK", ResponseHeaders: "Server: nginx/1.2.7
Date: Wed, 24 Apr 2019 13:50:01 GMT
Connection: keep-alive
Access-Control-Allow-Credentials: true
Access-Control-Max-Age: 3000
Access-Control-Allow-Methods: GET, POST, PUT, DELETE, OPTIONS
Accept-Ranges: bytes
Access-Control-Allow-Origin: *
", Contents: "{"status_bar_orientation":"down","results":[{"id":null,"description":"<UILabel: 0x134012940; frame = (46 254; 228 21); text = 'Authorized'; clipsToBounds = YES; opaque = NO; autoresize = RM+BM; userInteractionEnabled = NO; layer = <_UILabelLayer: 0x1c8092480>>","label":"Authorized","frame":{"y":254,"x":46,"width":228,"height":21},"accessibilityElement":true,"value":"Authorized","alpha":1,"enabled":true,"visible":1,"text":"Authorized","class":"UILabel","rect":{"y":254,"center_x":160,"center_y":264.5,"x":46,"width":228,"height":21}}],"outcome":"SUCCESS"}" }
24-04-2019 15:50:02.120 +02:00 - 14474 - HTTP POST (multi-part) { Url: { AbsolutePath: "/sessions/token-ee18cc08-9acd-4e96-b7dc-0d8ab9ccce07/core-ios/simulate_location", AbsoluteUri: "https://devicehost7.prod:6767/sessions/token-ee18cc08-9acd-4e96-b7dc-0d8ab9ccce07/core-ios/simulate_location", LocalPath: "/sessions/token-ee18cc08-9acd-4e96-b7dc-0d8ab9ccce07/core-ios/simulate_location", Authority: "devicehost7.prod:6767", HostNameType: Dns, IsDefaultPort: False, IsFile: False, IsLoopback: False, PathAndQuery: "/sessions/token-ee18cc08-9acd-4e96-b7dc-0d8ab9ccce07/core-ios/simulate_location", Segments: [ "/", "sessions/", "token-ee18cc08-9acd-4e96-b7dc-0d8ab9ccce07/", "core-ios/", "simulate_location" ], IsUnc: False, Host: "devicehost7.prod", Port: 6767, Query: "", Fragment: "", Scheme: "https", OriginalString: "https://devicehost7.prod:6767/sessions/token-ee18cc08-9acd-4e96-b7dc-0d8ab9ccce07/core-ios/simulate_location", DnsSafeHost: "devicehost7.prod", IdnHost: "devicehost7.prod", IsAbsoluteUri: True, UserEscaped: False, UserInfo: "" }, Arguments: "{"latitude":27.9878,"longitude":86.925}" }
24-04-2019 15:50:02.243 +02:00 - 14597 - POST (multi-part) Complete { StatusCode: 200, Contents: "{"status":"ok"}" }
24-04-2019 15:50:02.244 +02:00 - 14598 - 12 - HTTP POST https://devicehost7.prod:6767/sessions/token-ee18cc08-9acd-4e96-b7dc-0d8ab9ccce07/ideviceteststarter/1.0/dismiss-springboard-alerts
24-04-2019 15:50:02.249 +02:00 - 14603 - 12 - HTTP request succeeded
24-04-2019 15:50:02.250 +02:00 - 14603 - 12 - HTTP POST complete
24-04-2019 15:50:02.250 +02:00 - 14604 - DeviceAgent springboard dismiss alerts response: OK - no alerts
24-04-2019 15:50:02.250 +02:00 - 14604 - HTTP POST { Url: { AbsolutePath: "/sessions/token-ee18cc08-9acd-4e96-b7dc-0d8ab9ccce07/ios-proxy-socket/map", AbsoluteUri: "https://devicehost7.prod:6767/sessions/token-ee18cc08-9acd-4e96-b7dc-0d8ab9ccce07/ios-proxy-socket/map", LocalPath: "/sessions/token-ee18cc08-9acd-4e96-b7dc-0d8ab9ccce07/ios-proxy-socket/map", Authority: "devicehost7.prod:6767", HostNameType: Dns, IsDefaultPort: False, IsFile: False, IsLoopback: False, PathAndQuery: "/sessions/token-ee18cc08-9acd-4e96-b7dc-0d8ab9ccce07/ios-proxy-socket/map", Segments: [ "/", "sessions/", "token-ee18cc08-9acd-4e96-b7dc-0d8ab9ccce07/", "ios-proxy-socket/", "map" ], IsUnc: False, Host: "devicehost7.prod", Port: 6767, Query: "", Fragment: "", Scheme: "https", OriginalString: "https://devicehost7.prod:6767/sessions/token-ee18cc08-9acd-4e96-b7dc-0d8ab9ccce07/ios-proxy-socket/map", DnsSafeHost: "devicehost7.prod", IdnHost: "devicehost7.prod", IsAbsoluteUri: True, UserEscaped: False, UserInfo: "" } }
24-04-2019 15:50:02.260 +02:00 - 14613 - POST Complete { StatusCode: OK, StatusDescription: "OK", ResponseHeaders: "Server: nginx/1.2.7
Date: Wed, 24 Apr 2019 13:50:02 GMT
Connection: keep-alive
Access-Control-Allow-Credentials: true
Access-Control-Max-Age: 3000
Access-Control-Allow-Methods: GET, POST, PUT, DELETE, OPTIONS
Accept-Ranges: bytes
Access-Control-Allow-Origin: *
", Contents: "{"status_bar_orientation":"down","results":[{"id":"latLabel","description":"<UILabel: 0x134012660; frame = (137 140; 163 21); text = '56.1724031793675'; clipsToBounds = YES; opaque = NO; autoresize = RM+BM; userInteractionEnabled = NO; layer = <_UILabelLayer: 0x1c8092430>>","label":"56.1724031793675","frame":{"y":140,"x":137,"width":163,"height":21},"accessibilityElement":true,"value":"56.1724031793675","alpha":1,"enabled":true,"visible":1,"text":"56.1724031793675","class":"UILabel","rect":{"y":140,"center_x":218.5,"center_y":150.5,"x":137,"width":163,"height":21}}],"outcome":"SUCCESS"}" }
24-04-2019 15:50:02.260 +02:00 - 14614 - Query for Id("latLabel") gave 1 results.
24-04-2019 15:50:02.523 +02:00 - 14877 - 13 - HTTP POST https://devicehost7.prod:6767/sessions/token-ee18cc08-9acd-4e96-b7dc-0d8ab9ccce07/ideviceteststarter/1.0/dismiss-springboard-alerts
24-04-2019 15:50:02.531 +02:00 - 14885 - 13 - HTTP request succeeded
24-04-2019 15:50:02.531 +02:00 - 14885 - 13 - HTTP POST complete
24-04-2019 15:50:02.531 +02:00 - 14885 - DeviceAgent springboard dismiss alerts response: OK - no alerts
24-04-2019 15:50:02.532 +02:00 - 14886 - HTTP POST { Url: { AbsolutePath: "/sessions/token-ee18cc08-9acd-4e96-b7dc-0d8ab9ccce07/ios-proxy-socket/map", AbsoluteUri: "https://devicehost7.prod:6767/sessions/token-ee18cc08-9acd-4e96-b7dc-0d8ab9ccce07/ios-proxy-socket/map", LocalPath: "/sessions/token-ee18cc08-9acd-4e96-b7dc-0d8ab9ccce07/ios-proxy-socket/map", Authority: "devicehost7.prod:6767", HostNameType: Dns, IsDefaultPort: False, IsFile: False, IsLoopback: False, PathAndQuery: "/sessions/token-ee18cc08-9acd-4e96-b7dc-0d8ab9ccce07/ios-proxy-socket/map", Segments: [ "/", "sessions/", "token-ee18cc08-9acd-4e96-b7dc-0d8ab9ccce07/", "ios-proxy-socket/", "map" ], IsUnc: False, Host: "devicehost7.prod", Port: 6767, Query: "", Fragment: "", Scheme: "https", OriginalString: "https://devicehost7.prod:6767/sessions/token-ee18cc08-9acd-4e96-b7dc-0d8ab9ccce07/ios-proxy-socket/map", DnsSafeHost: "devicehost7.prod", IdnHost: "devicehost7.prod", IsAbsoluteUri: True, UserEscaped: False, UserInfo: "" } }
24-04-2019 15:50:02.547 +02:00 - 14900 - POST Complete { StatusCode: OK, StatusDescription: "OK", ResponseHeaders: "Server: nginx/1.2.7
Date: Wed, 24 Apr 2019 13:50:02 GMT
Connection: keep-alive
Access-Control-Allow-Credentials: true
Access-Control-Max-Age: 3000
Access-Control-Allow-Methods: GET, POST, PUT, DELETE, OPTIONS
Accept-Ranges: bytes
Access-Control-Allow-Origin: *
", Contents: "{"status_bar_orientation":"down","results":[{"id":"latLabel","description":"<UILabel: 0x134012660; frame = (137 140; 163 21); text = '27.9878'; clipsToBounds = YES; opaque = NO; autoresize = RM+BM; userInteractionEnabled = NO; layer = <_UILabelLayer: 0x1c8092430>>","label":"27.9878","frame":{"y":140,"x":137,"width":163,"height":21},"accessibilityElement":true,"value":"27.9878","alpha":1,"enabled":true,"visible":1,"text":"27.9878","class":"UILabel","rect":{"y":140,"center_x":218.5,"center_y":150.5,"x":137,"width":163,"height":21}}],"outcome":"SUCCESS"}" }
24-04-2019 15:50:02.547 +02:00 - 14901 - Query for Id("latLabel") gave 1 results.
24-04-2019 15:50:02.679 +02:00 - 15032 - 14 - HTTP POST https://devicehost7.prod:6767/sessions/token-ee18cc08-9acd-4e96-b7dc-0d8ab9ccce07/ideviceteststarter/1.0/dismiss-springboard-alerts
24-04-2019 15:50:02.687 +02:00 - 15040 - 14 - HTTP request succeeded
24-04-2019 15:50:02.687 +02:00 - 15041 - 14 - HTTP POST complete
24-04-2019 15:50:02.687 +02:00 - 15041 - DeviceAgent springboard dismiss alerts response: OK - no alerts
24-04-2019 15:50:02.688 +02:00 - 15041 - HTTP POST { Url: { AbsolutePath: "/sessions/token-ee18cc08-9acd-4e96-b7dc-0d8ab9ccce07/ios-proxy-socket/map", AbsoluteUri: "https://devicehost7.prod:6767/sessions/token-ee18cc08-9acd-4e96-b7dc-0d8ab9ccce07/ios-proxy-socket/map", LocalPath: "/sessions/token-ee18cc08-9acd-4e96-b7dc-0d8ab9ccce07/ios-proxy-socket/map", Authority: "devicehost7.prod:6767", HostNameType: Dns, IsDefaultPort: False, IsFile: False, IsLoopback: False, PathAndQuery: "/sessions/token-ee18cc08-9acd-4e96-b7dc-0d8ab9ccce07/ios-proxy-socket/map", Segments: [ "/", "sessions/", "token-ee18cc08-9acd-4e96-b7dc-0d8ab9ccce07/", "ios-proxy-socket/", "map" ], IsUnc: False, Host: "devicehost7.prod", Port: 6767, Query: "", Fragment: "", Scheme: "https", OriginalString: "https://devicehost7.prod:6767/sessions/token-ee18cc08-9acd-4e96-b7dc-0d8ab9ccce07/ios-proxy-socket/map", DnsSafeHost: "devicehost7.prod", IdnHost: "devicehost7.prod", IsAbsoluteUri: True, UserEscaped: False, UserInfo: "" } }
24-04-2019 15:50:02.702 +02:00 - 15056 - POST Complete { StatusCode: OK, StatusDescription: "OK", ResponseHeaders: "Server: nginx/1.2.7
Date: Wed, 24 Apr 2019 13:50:02 GMT
Connection: keep-alive
Access-Control-Allow-Credentials: true
Access-Control-Max-Age: 3000
Access-Control-Allow-Methods: GET, POST, PUT, DELETE, OPTIONS
Accept-Ranges: bytes
Access-Control-Allow-Origin: *
", Contents: "{"status_bar_orientation":"down","results":[{"id":"lonLabel","description":"<UILabel: 0x134012c20; frame = (137 169; 163 21); text = '86.925'; clipsToBounds = YES; opaque = NO; autoresize = RM+BM; userInteractionEnabled = NO; layer = <_UILabelLayer: 0x1c8092d40>>","label":"86.925","frame":{"y":169,"x":137,"width":163,"height":21},"accessibilityElement":true,"value":"86.925","alpha":1,"enabled":true,"visible":1,"text":"86.925","class":"UILabel","rect":{"y":169,"center_x":218.5,"center_y":179.5,"x":137,"width":163,"height":21}}],"outcome":"SUCCESS"}" }
24-04-2019 15:50:02.703 +02:00 - 15057 - Query for Id("lonLabel") gave 1 results.
24-04-2019 15:50:02.708 +02:00 - 15062 - HTTP POST (multi-part) { Url: { AbsolutePath: "/sessions/token-ee18cc08-9acd-4e96-b7dc-0d8ab9ccce07/core-ios/simulate_location", AbsoluteUri: "https://devicehost7.prod:6767/sessions/token-ee18cc08-9acd-4e96-b7dc-0d8ab9ccce07/core-ios/simulate_location", LocalPath: "/sessions/token-ee18cc08-9acd-4e96-b7dc-0d8ab9ccce07/core-ios/simulate_location", Authority: "devicehost7.prod:6767", HostNameType: Dns, IsDefaultPort: False, IsFile: False, IsLoopback: False, PathAndQuery: "/sessions/token-ee18cc08-9acd-4e96-b7dc-0d8ab9ccce07/core-ios/simulate_location", Segments: [ "/", "sessions/", "token-ee18cc08-9acd-4e96-b7dc-0d8ab9ccce07/", "core-ios/", "simulate_location" ], IsUnc: False, Host: "devicehost7.prod", Port: 6767, Query: "", Fragment: "", Scheme: "https", OriginalString: "https://devicehost7.prod:6767/sessions/token-ee18cc08-9acd-4e96-b7dc-0d8ab9ccce07/core-ios/simulate_location", DnsSafeHost: "devicehost7.prod", IdnHost: "devicehost7.prod", IsAbsoluteUri: True, UserEscaped: False, UserInfo: "" }, Arguments: "{"latitude":35.88,"longitude":76.5151}" }
24-04-2019 15:50:02.806 +02:00 - 15160 - POST (multi-part) Complete { StatusCode: 200, Contents: "{"status":"ok"}" }
24-04-2019 15:50:02.807 +02:00 - 15160 - 15 - HTTP POST https://devicehost7.prod:6767/sessions/token-ee18cc08-9acd-4e96-b7dc-0d8ab9ccce07/ideviceteststarter/1.0/dismiss-springboard-alerts
24-04-2019 15:50:02.811 +02:00 - 15165 - 15 - HTTP request succeeded
24-04-2019 15:50:02.812 +02:00 - 15165 - 15 - HTTP POST complete
24-04-2019 15:50:02.812 +02:00 - 15166 - DeviceAgent springboard dismiss alerts response: OK - no alerts
24-04-2019 15:50:02.813 +02:00 - 15166 - HTTP POST { Url: { AbsolutePath: "/sessions/token-ee18cc08-9acd-4e96-b7dc-0d8ab9ccce07/ios-proxy-socket/map", AbsoluteUri: "https://devicehost7.prod:6767/sessions/token-ee18cc08-9acd-4e96-b7dc-0d8ab9ccce07/ios-proxy-socket/map", LocalPath: "/sessions/token-ee18cc08-9acd-4e96-b7dc-0d8ab9ccce07/ios-proxy-socket/map", Authority: "devicehost7.prod:6767", HostNameType: Dns, IsDefaultPort: False, IsFile: False, IsLoopback: False, PathAndQuery: "/sessions/token-ee18cc08-9acd-4e96-b7dc-0d8ab9ccce07/ios-proxy-socket/map", Segments: [ "/", "sessions/", "token-ee18cc08-9acd-4e96-b7dc-0d8ab9ccce07/", "ios-proxy-socket/", "map" ], IsUnc: False, Host: "devicehost7.prod", Port: 6767, Query: "", Fragment: "", Scheme: "https", OriginalString: "https://devicehost7.prod:6767/sessions/token-ee18cc08-9acd-4e96-b7dc-0d8ab9ccce07/ios-proxy-socket/map", DnsSafeHost: "devicehost7.prod", IdnHost: "devicehost7.prod", IsAbsoluteUri: True, UserEscaped: False, UserInfo: "" } }
24-04-2019 15:50:02.824 +02:00 - 15177 - POST Complete { StatusCode: OK, StatusDescription: "OK", ResponseHeaders: "Server: nginx/1.2.7
Date: Wed, 24 Apr 2019 13:50:02 GMT
Connection: keep-alive
Access-Control-Allow-Credentials: true
Access-Control-Max-Age: 3000
Access-Control-Allow-Methods: GET, POST, PUT, DELETE, OPTIONS
Accept-Ranges: bytes
Access-Control-Allow-Origin: *
", Contents: "{"status_bar_orientation":"down","results":[{"id":"latLabel","description":"<UILabel: 0x134012660; frame = (137 140; 163 21); text = '27.9878'; clipsToBounds = YES; opaque = NO; autoresize = RM+BM; userInteractionEnabled = NO; layer = <_UILabelLayer: 0x1c8092430>>","label":"27.9878","frame":{"y":140,"x":137,"width":163,"height":21},"accessibilityElement":true,"value":"27.9878","alpha":1,"enabled":true,"visible":1,"text":"27.9878","class":"UILabel","rect":{"y":140,"center_x":218.5,"center_y":150.5,"x":137,"width":163,"height":21}}],"outcome":"SUCCESS"}" }
24-04-2019 15:50:02.824 +02:00 - 15178 - Query for Id("latLabel") gave 1 results.
24-04-2019 15:50:03.083 +02:00 - 15436 - 16 - HTTP POST https://devicehost7.prod:6767/sessions/token-ee18cc08-9acd-4e96-b7dc-0d8ab9ccce07/ideviceteststarter/1.0/dismiss-springboard-alerts
24-04-2019 15:50:03.092 +02:00 - 15445 - 16 - HTTP request succeeded
24-04-2019 15:50:03.092 +02:00 - 15446 - 16 - HTTP POST complete
24-04-2019 15:50:03.092 +02:00 - 15446 - DeviceAgent springboard dismiss alerts response: OK - no alerts
24-04-2019 15:50:03.093 +02:00 - 15446 - HTTP POST { Url: { AbsolutePath: "/sessions/token-ee18cc08-9acd-4e96-b7dc-0d8ab9ccce07/ios-proxy-socket/map", AbsoluteUri: "https://devicehost7.prod:6767/sessions/token-ee18cc08-9acd-4e96-b7dc-0d8ab9ccce07/ios-proxy-socket/map", LocalPath: "/sessions/token-ee18cc08-9acd-4e96-b7dc-0d8ab9ccce07/ios-proxy-socket/map", Authority: "devicehost7.prod:6767", HostNameType: Dns, IsDefaultPort: False, IsFile: False, IsLoopback: False, PathAndQuery: "/sessions/token-ee18cc08-9acd-4e96-b7dc-0d8ab9ccce07/ios-proxy-socket/map", Segments: [ "/", "sessions/", "token-ee18cc08-9acd-4e96-b7dc-0d8ab9ccce07/", "ios-proxy-socket/", "map" ], IsUnc: False, Host: "devicehost7.prod", Port: 6767, Query: "", Fragment: "", Scheme: "https", OriginalString: "https://devicehost7.prod:6767/sessions/token-ee18cc08-9acd-4e96-b7dc-0d8ab9ccce07/ios-proxy-socket/map", DnsSafeHost: "devicehost7.prod", IdnHost: "devicehost7.prod", IsAbsoluteUri: True, UserEscaped: False, UserInfo: "" } }
24-04-2019 15:50:03.108 +02:00 - 15462 - POST Complete { StatusCode: OK, StatusDescription: "OK", ResponseHeaders: "Server: nginx/1.2.7
Date: Wed, 24 Apr 2019 13:50:03 GMT
Connection: keep-alive
Access-Control-Allow-Credentials: true
Access-Control-Max-Age: 3000
Access-Control-Allow-Methods: GET, POST, PUT, DELETE, OPTIONS
Accept-Ranges: bytes
Access-Control-Allow-Origin: *
", Contents: "{"status_bar_orientation":"down","results":[{"id":"latLabel","description":"<UILabel: 0x134012660; frame = (137 140; 163 21); text = '35.88'; clipsToBounds = YES; opaque = NO; autoresize = RM+BM; userInteractionEnabled = NO; layer = <_UILabelLayer: 0x1c8092430>>","label":"35.88","frame":{"y":140,"x":137,"width":163,"height":21},"accessibilityElement":true,"value":"35.88","alpha":1,"enabled":true,"visible":1,"text":"35.88","class":"UILabel","rect":{"y":140,"center_x":218.5,"center_y":150.5,"x":137,"width":163,"height":21}}],"outcome":"SUCCESS"}" }
24-04-2019 15:50:03.109 +02:00 - 15462 - Query for Id("latLabel") gave 1 results.
24-04-2019 15:50:03.239 +02:00 - 15593 - 17 - HTTP POST https://devicehost7.prod:6767/sessions/token-ee18cc08-9acd-4e96-b7dc-0d8ab9ccce07/ideviceteststarter/1.0/dismiss-springboard-alerts
24-04-2019 15:50:03.249 +02:00 - 15602 - 17 - HTTP request succeeded
24-04-2019 15:50:03.249 +02:00 - 15602 - 17 - HTTP POST complete
24-04-2019 15:50:03.249 +02:00 - 15603 - DeviceAgent springboard dismiss alerts response: OK - no alerts
24-04-2019 15:50:03.251 +02:00 - 15604 - HTTP POST { Url: { AbsolutePath: "/sessions/token-ee18cc08-9acd-4e96-b7dc-0d8ab9ccce07/ios-proxy-socket/map", AbsoluteUri: "https://devicehost7.prod:6767/sessions/token-ee18cc08-9acd-4e96-b7dc-0d8ab9ccce07/ios-proxy-socket/map", LocalPath: "/sessions/token-ee18cc08-9acd-4e96-b7dc-0d8ab9ccce07/ios-proxy-socket/map", Authority: "devicehost7.prod:6767", HostNameType: Dns, IsDefaultPort: False, IsFile: False, IsLoopback: False, PathAndQuery: "/sessions/token-ee18cc08-9acd-4e96-b7dc-0d8ab9ccce07/ios-proxy-socket/map", Segments: [ "/", "sessions/", "token-ee18cc08-9acd-4e96-b7dc-0d8ab9ccce07/", "ios-proxy-socket/", "map" ], IsUnc: False, Host: "devicehost7.prod", Port: 6767, Query: "", Fragment: "", Scheme: "https", OriginalString: "https://devicehost7.prod:6767/sessions/token-ee18cc08-9acd-4e96-b7dc-0d8ab9ccce07/ios-proxy-socket/map", DnsSafeHost: "devicehost7.prod", IdnHost: "devicehost7.prod", IsAbsoluteUri: True, UserEscaped: False, UserInfo: "" } }
24-04-2019 15:50:03.264 +02:00 - 15617 - POST Complete { StatusCode: OK, StatusDescription: "OK", ResponseHeaders: "Server: nginx/1.2.7
Date: Wed, 24 Apr 2019 13:50:03 GMT
Connection: keep-alive
Access-Control-Allow-Credentials: true
Access-Control-Max-Age: 3000
Access-Control-Allow-Methods: GET, POST, PUT, DELETE, OPTIONS
Accept-Ranges: bytes
Access-Control-Allow-Origin: *
", Contents: "{"status_bar_orientation":"down","results":[{"id":"lonLabel","description":"<UILabel: 0x134012c20; frame = (137 169; 163 21); text = '76.5151'; clipsToBounds = YES; opaque = NO; autoresize = RM+BM; userInteractionEnabled = NO; layer = <_UILabelLayer: 0x1c8092d40>>","label":"76.5151","frame":{"y":169,"x":137,"width":163,"height":21},"accessibilityElement":true,"value":"76.5151","alpha":1,"enabled":true,"visible":1,"text":"76.5151","class":"UILabel","rect":{"y":169,"center_x":218.5,"center_y":179.5,"x":137,"width":163,"height":21}}],"outcome":"SUCCESS"}" }
24-04-2019 15:50:03.265 +02:00 - 15618 - Query for Id("lonLabel") gave 1 results.
]]></output>
      </test-case></test-suite><test-suite type="TestFixture" id="0-1000" name="ScrollTests" fullname="ScrollTests" classname="ScrollTests" runstate="Runnable" testcasecount="13" result="Passed" start-time="2019-04-24 13:50:04Z" end-time="2019-04-24 13:50:14Z" duration="10.069652" total="1" passed="1" failed="0" warnings="0" inconclusive="0" skipped="0" asserts="1">
      <properties>
        
      <property name="Category" value="ios"/></properties>
      
    <test-case id="0-1001" name="ScrollToTableViewProgrammatically_apple_iphone_8-11_3_1" fullname="ScrollTests.ScrollToTableViewProgrammatically" methodname="ScrollToTableViewProgrammatically" classname="ScrollTests" runstate="Runnable" seed="735543528" result="Passed" start-time="2019-04-24 13:50:04Z" end-time="2019-04-24 13:50:13Z" duration="9.616436" asserts="1">
        <properties>
          
        <property name="Category" value="Chunk"/></properties>
        <output><![CDATA[24-04-2019 15:50:04.285 +02:00 - 0 - Full log file: /xamarin/workspaces/0a91ab3f-666b-4ed9-b11f-0fe3f050d3fb/workspace/tmp/uitest/log-2019-04-24_15-50-04-285.txt
24-04-2019 15:50:04.285 +02:00 - 0 - iOS test running Xamarin.UITest version: 0.0.0
24-04-2019 15:50:04.285 +02:00 - 0 - Using TEST_CLOUD configuration override.
24-04-2019 15:50:04.695 +02:00 - 410 - Artifact folder: /xamarin/workspaces/0a91ab3f-666b-4ed9-b11f-0fe3f050d3fb/workspace/tmp/uitest/a-29D5AD5933C103E9E6BE6FC261BC103363A65B2C
24-04-2019 15:50:04.696 +02:00 - 410 - Using cached artifact folder: idevice-tools
24-04-2019 15:50:05.103 +02:00 - 817 - Artifact folder: /xamarin/workspaces/0a91ab3f-666b-4ed9-b11f-0fe3f050d3fb/workspace/tmp/uitest/a-29D5AD5933C103E9E6BE6FC261BC103363A65B2C
24-04-2019 15:50:05.103 +02:00 - 818 - Running in Test Cloud, on device with iOS8 or higher.
24-04-2019 15:50:05.104 +02:00 - 819 - HTTP POST (multi-part) { Url: { AbsolutePath: "/sessions/token-ee18cc08-9acd-4e96-b7dc-0d8ab9ccce07/core-ios/uninstall", AbsoluteUri: "https://devicehost7.prod:6767/sessions/token-ee18cc08-9acd-4e96-b7dc-0d8ab9ccce07/core-ios/uninstall", LocalPath: "/sessions/token-ee18cc08-9acd-4e96-b7dc-0d8ab9ccce07/core-ios/uninstall", Authority: "devicehost7.prod:6767", HostNameType: Dns, IsDefaultPort: False, IsFile: False, IsLoopback: False, PathAndQuery: "/sessions/token-ee18cc08-9acd-4e96-b7dc-0d8ab9ccce07/core-ios/uninstall", Segments: [ "/", "sessions/", "token-ee18cc08-9acd-4e96-b7dc-0d8ab9ccce07/", "core-ios/", "uninstall" ], IsUnc: False, Host: "devicehost7.prod", Port: 6767, Query: "", Fragment: "", Scheme: "https", OriginalString: "https://devicehost7.prod:6767/sessions/token-ee18cc08-9acd-4e96-b7dc-0d8ab9ccce07/core-ios/uninstall", DnsSafeHost: "devicehost7.prod", IdnHost: "devicehost7.prod", IsAbsoluteUri: True, UserEscaped: False, UserInfo: "" }, Arguments: "{"app_id":"com.xamarin.XTCiOSSampleProject"}" }
24-04-2019 15:50:05.447 +02:00 - 1162 - POST (multi-part) Complete { StatusCode: 200, Contents: "{"status":"ok"}" }
24-04-2019 15:50:05.448 +02:00 - 1162 - HTTP POST (multi-part) { Url: { AbsolutePath: "/sessions/token-ee18cc08-9acd-4e96-b7dc-0d8ab9ccce07/core-ios/install", AbsoluteUri: "https://devicehost7.prod:6767/sessions/token-ee18cc08-9acd-4e96-b7dc-0d8ab9ccce07/core-ios/install", LocalPath: "/sessions/token-ee18cc08-9acd-4e96-b7dc-0d8ab9ccce07/core-ios/install", Authority: "devicehost7.prod:6767", HostNameType: Dns, IsDefaultPort: False, IsFile: False, IsLoopback: False, PathAndQuery: "/sessions/token-ee18cc08-9acd-4e96-b7dc-0d8ab9ccce07/core-ios/install", Segments: [ "/", "sessions/", "token-ee18cc08-9acd-4e96-b7dc-0d8ab9ccce07/", "core-ios/", "install" ], IsUnc: False, Host: "devicehost7.prod", Port: 6767, Query: "", Fragment: "", Scheme: "https", OriginalString: "https://devicehost7.prod:6767/sessions/token-ee18cc08-9acd-4e96-b7dc-0d8ab9ccce07/core-ios/install", DnsSafeHost: "devicehost7.prod", IdnHost: "devicehost7.prod", IsAbsoluteUri: True, UserEscaped: False, UserInfo: "" }, Arguments: "{"app_id":"com.xamarin.XTCiOSSampleProject","app":{"Name":"xtc_app9","ContentType":"application/octet-stream","FilePath":"/xamarin/workspaces/0a91ab3f-666b-4ed9-b11f-0fe3f050d3fb/inputs/pre/prepare_workspace/workspace/xtc_app9"}}" }
24-04-2019 15:50:08.983 +02:00 - 4696 - POST (multi-part) Complete { StatusCode: 200, Contents: "{"status":"ok","app_id":"com.xamarin.XTCiOSSampleProject"}" }
24-04-2019 15:50:08.984 +02:00 - 4697 - 18 - HTTP POST https://devicehost7.prod:6767/sessions/token-ee18cc08-9acd-4e96-b7dc-0d8ab9ccce07/ideviceteststarter/1.0/session { bundleID: "com.xamarin.XTCiOSSampleProject", launchArgs: [ "CALABUS_DRIVER" ], environment: [ [RUNNING_IN_APP_CENTER, 1], [APP_CENTER_DISABLE, Distribute], [Android, Of course not!] ] }
24-04-2019 15:50:08.991 +02:00 - 4704 - HTTP GET { Url: { AbsolutePath: "/sessions/token-ee18cc08-9acd-4e96-b7dc-0d8ab9ccce07/ios-proxy-socket/version", AbsoluteUri: "https://devicehost7.prod:6767/sessions/token-ee18cc08-9acd-4e96-b7dc-0d8ab9ccce07/ios-proxy-socket/version", LocalPath: "/sessions/token-ee18cc08-9acd-4e96-b7dc-0d8ab9ccce07/ios-proxy-socket/version", Authority: "devicehost7.prod:6767", HostNameType: Dns, IsDefaultPort: False, IsFile: False, IsLoopback: False, PathAndQuery: "/sessions/token-ee18cc08-9acd-4e96-b7dc-0d8ab9ccce07/ios-proxy-socket/version", Segments: [ "/", "sessions/", "token-ee18cc08-9acd-4e96-b7dc-0d8ab9ccce07/", "ios-proxy-socket/", "version" ], IsUnc: False, Host: "devicehost7.prod", Port: 6767, Query: "", Fragment: "", Scheme: "https", OriginalString: "https://devicehost7.prod:6767/sessions/token-ee18cc08-9acd-4e96-b7dc-0d8ab9ccce07/ios-proxy-socket/version", DnsSafeHost: "devicehost7.prod", IdnHost: "devicehost7.prod", IsAbsoluteUri: True, UserEscaped: False, UserInfo: "" } }
24-04-2019 15:50:08.995 +02:00 - 4708 - GET Complete { StatusCode: 401, StatusDescription: "Unauthorized", ResponseHeaders: "Server: nginx/1.2.7
Date: Wed, 24 Apr 2019 13:50:08 GMT
Connection: keep-alive
WWW-Authenticate: Basic realm="Restricted"
", Content: "<html>
<head><title>401 Authorization Required</title></head>
<body bgcolor="white">
<center><h1>401 Authorization Required</h1></center>
<hr><center>nginx/1.2.7</center>
</body>
</html>
" }
24-04-2019 15:50:09.207 +02:00 - 4920 - 18 - HTTP request succeeded
24-04-2019 15:50:09.207 +02:00 - 4920 - 18 - HTTP POST complete
24-04-2019 15:50:09.208 +02:00 - 4921 - DeviceAgent Start Session response: OK - launched!
24-04-2019 15:50:10.090 +02:00 - 5803 - HTTP GET { Url: { AbsolutePath: "/sessions/token-ee18cc08-9acd-4e96-b7dc-0d8ab9ccce07/ios-proxy-socket/version", AbsoluteUri: "https://devicehost7.prod:6767/sessions/token-ee18cc08-9acd-4e96-b7dc-0d8ab9ccce07/ios-proxy-socket/version", LocalPath: "/sessions/token-ee18cc08-9acd-4e96-b7dc-0d8ab9ccce07/ios-proxy-socket/version", Authority: "devicehost7.prod:6767", HostNameType: Dns, IsDefaultPort: False, IsFile: False, IsLoopback: False, PathAndQuery: "/sessions/token-ee18cc08-9acd-4e96-b7dc-0d8ab9ccce07/ios-proxy-socket/version", Segments: [ "/", "sessions/", "token-ee18cc08-9acd-4e96-b7dc-0d8ab9ccce07/", "ios-proxy-socket/", "version" ], IsUnc: False, Host: "devicehost7.prod", Port: 6767, Query: "", Fragment: "", Scheme: "https", OriginalString: "https://devicehost7.prod:6767/sessions/token-ee18cc08-9acd-4e96-b7dc-0d8ab9ccce07/ios-proxy-socket/version", DnsSafeHost: "devicehost7.prod", IdnHost: "devicehost7.prod", IsAbsoluteUri: True, UserEscaped: False, UserInfo: "" } }
24-04-2019 15:50:11.356 +02:00 - 7069 - GET Complete { StatusCode: 200, Contents: "{"device_family":"iPhone","outcome":"SUCCESS","server_port":37265,"simulator":"","app_name":"XTCiOSSampleProject","app_version":"2.0","screen_dimensions":{"height":1334,"bounds":{"y":0,"x":0,"width":375,"height":667},"sample":1,"native_bounds":{"y":0,"x":0,"width":750,"height":1334},"width":750,"native_scale":2,"bounds_portrait_height":667,"bounds_portrait_width":375,"scale":2},"git":{"revision":"c36c12ce","remote_origin":"https:\/\/github.com\/calabash\/calabash-ios-server.git","branch":"HEAD"},"device_name":"iPhone","4inch":false,"app_id":"com.xamarin.XTCiOSSampleProject","form_factor":"iphone 6","version":"0.21.7","server_identifier_to_skip":"","short_version_string":"1.0","server_identifier":"c36c12ce937d044d55d0c208f9d4502868233513","build_date":"2018-19-18 09:19:19 +0200","ios_version":"11.3.1","iphone_app_emulated_on_ipad":false,"model_identifier":"iPhone10,4","app_base_sdk":"iphoneos12.0"}" }
24-04-2019 15:50:11.357 +02:00 - 7069 - Test server version: 0.21.7
24-04-2019 15:50:11.357 +02:00 - 7070 - 19 - HTTP POST https://devicehost7.prod:6767/sessions/token-ee18cc08-9acd-4e96-b7dc-0d8ab9ccce07/ideviceteststarter/1.0/dismiss-springboard-alerts
24-04-2019 15:50:11.369 +02:00 - 7082 - 19 - HTTP request succeeded
24-04-2019 15:50:11.370 +02:00 - 7082 - 19 - HTTP POST complete
24-04-2019 15:50:11.370 +02:00 - 7082 - DeviceAgent springboard dismiss alerts response: OK - no alerts
24-04-2019 15:50:11.371 +02:00 - 7083 - HTTP POST { Url: { AbsolutePath: "/sessions/token-ee18cc08-9acd-4e96-b7dc-0d8ab9ccce07/ios-proxy-socket/map", AbsoluteUri: "https://devicehost7.prod:6767/sessions/token-ee18cc08-9acd-4e96-b7dc-0d8ab9ccce07/ios-proxy-socket/map", LocalPath: "/sessions/token-ee18cc08-9acd-4e96-b7dc-0d8ab9ccce07/ios-proxy-socket/map", Authority: "devicehost7.prod:6767", HostNameType: Dns, IsDefaultPort: False, IsFile: False, IsLoopback: False, PathAndQuery: "/sessions/token-ee18cc08-9acd-4e96-b7dc-0d8ab9ccce07/ios-proxy-socket/map", Segments: [ "/", "sessions/", "token-ee18cc08-9acd-4e96-b7dc-0d8ab9ccce07/", "ios-proxy-socket/", "map" ], IsUnc: False, Host: "devicehost7.prod", Port: 6767, Query: "", Fragment: "", Scheme: "https", OriginalString: "https://devicehost7.prod:6767/sessions/token-ee18cc08-9acd-4e96-b7dc-0d8ab9ccce07/ios-proxy-socket/map", DnsSafeHost: "devicehost7.prod", IdnHost: "devicehost7.prod", IsAbsoluteUri: True, UserEscaped: False, UserInfo: "" } }
24-04-2019 15:50:11.434 +02:00 - 7146 - POST Complete { StatusCode: OK, StatusDescription: "OK", ResponseHeaders: "Server: nginx/1.2.7
Date: Wed, 24 Apr 2019 13:50:11 GMT
Connection: keep-alive
Access-Control-Allow-Credentials: true
Access-Control-Max-Age: 3000
Access-Control-Allow-Methods: GET, POST, PUT, DELETE, OPTIONS
Accept-Ranges: bytes
Access-Control-Allow-Origin: *
", Contents: "{"status_bar_orientation":"down","results":[],"outcome":"SUCCESS"}" }
24-04-2019 15:50:11.688 +02:00 - 7400 - 20 - HTTP POST https://devicehost7.prod:6767/sessions/token-ee18cc08-9acd-4e96-b7dc-0d8ab9ccce07/ideviceteststarter/1.0/dismiss-springboard-alerts
24-04-2019 15:50:11.697 +02:00 - 7409 - 20 - HTTP request succeeded
24-04-2019 15:50:11.697 +02:00 - 7409 - 20 - HTTP POST complete
24-04-2019 15:50:11.697 +02:00 - 7410 - DeviceAgent springboard dismiss alerts response: OK - no alerts
24-04-2019 15:50:11.698 +02:00 - 7410 - HTTP POST { Url: { AbsolutePath: "/sessions/token-ee18cc08-9acd-4e96-b7dc-0d8ab9ccce07/ios-proxy-socket/map", AbsoluteUri: "https://devicehost7.prod:6767/sessions/token-ee18cc08-9acd-4e96-b7dc-0d8ab9ccce07/ios-proxy-socket/map", LocalPath: "/sessions/token-ee18cc08-9acd-4e96-b7dc-0d8ab9ccce07/ios-proxy-socket/map", Authority: "devicehost7.prod:6767", HostNameType: Dns, IsDefaultPort: False, IsFile: False, IsLoopback: False, PathAndQuery: "/sessions/token-ee18cc08-9acd-4e96-b7dc-0d8ab9ccce07/ios-proxy-socket/map", Segments: [ "/", "sessions/", "token-ee18cc08-9acd-4e96-b7dc-0d8ab9ccce07/", "ios-proxy-socket/", "map" ], IsUnc: False, Host: "devicehost7.prod", Port: 6767, Query: "", Fragment: "", Scheme: "https", OriginalString: "https://devicehost7.prod:6767/sessions/token-ee18cc08-9acd-4e96-b7dc-0d8ab9ccce07/ios-proxy-socket/map", DnsSafeHost: "devicehost7.prod", IdnHost: "devicehost7.prod", IsAbsoluteUri: True, UserEscaped: False, UserInfo: "" } }
24-04-2019 15:50:11.752 +02:00 - 7464 - POST Complete { StatusCode: OK, StatusDescription: "OK", ResponseHeaders: "Server: nginx/1.2.7
Date: Wed, 24 Apr 2019 13:50:11 GMT
Connection: keep-alive
Access-Control-Allow-Credentials: true
Access-Control-Max-Age: 3000
Access-Control-Allow-Methods: GET, POST, PUT, DELETE, OPTIONS
Accept-Ranges: bytes
Access-Control-Allow-Origin: *
", Contents: "{"status_bar_orientation":"down","results":[{"alpha":1,"enabled":true,"id":null,"visible":1,"frame":{"y":0,"x":0,"width":375,"height":667},"accessibilityElement":false,"class":"UIWindow","label":null,"description":"<UIWindow: 0x104b26630; frame = (0 0; 375 667); gestureRecognizers = <NSArray: 0x1d0440660>; layer = <UIWindowLayer: 0x1d0430a40>>","value":null,"rect":{"y":0,"center_x":187.5,"center_y":333.5,"x":0,"width":375,"height":667}},{"alpha":1,"enabled":true,"id":null,"visible":1,"frame":{"y":0,"x":0,"width":375,"height":667},"accessibilityElement":false,"class":"UILayoutContainerView","label":null,"description":"<UILayoutContainerView: 0x104b51990; frame = (0 0; 375 667); autoresize = W+H; gestureRecognizers = <NSArray: 0x1d0444350>; layer = <CALayer: 0x1d04315e0>>","value":null,"rect":{"y":0,"center_x":187.5,"center_y":333.5,"x":0,"width":375,"height":667}},{"alpha":1,"enabled":true,"id":null,"visible":1,"frame":{"y":0,"x":0,"width":375,"height":667},"accessibilityElement":false,"class":"UINavigationTransitionView","label":null,"description":"<UINavigationTransitionView: 0x104b37ec0; frame = (0 0; 375 667); clipsToBounds = YES; autoresize = W+H; layer = <CALayer: 0x1d04349c0>>","value":null,"rect":{"y":0,"center_x":187.5,"center_y":333.5,"x":0,"width":375,"height":667}},{"alpha":1,"enabled":true,"id":null,"visible":1,"frame":{"y":0,"x":0,"width":375,"height":667},"accessibilityElement":false,"class":"UIViewControllerWrapperView","label":null,"description":"<UIViewControllerWrapperView: 0x104b6aa20; frame = (0 0; 375 667); autoresize = W+H; layer = <CALayer: 0x1d043ef60>>","value":null,"rect":{"y":0,"center_x":187.5,"center_y":333.5,"x":0,"width":375,"height":667}},{"alpha":1,"enabled":true,"id":null,"visible":1,"frame":{"y":0,"x":0,"width":375,"height":667},"accessibilityElement":false,"class":"UIView","label":null,"description":"<UIView: 0x104b67b20; frame = (0 0; 375 667); autoresize = W+H; layer = <CALayer: 0x1d04386a0>>","value":null,"rect":{"y":0,"center_x":187.5,"center_y":333.5,"x":0,"width":375,"height":667}},{"alpha":1,"enabled":true,"id":null,"visible":1,"frame":{"y":0,"x":0,"width":320,"height":568},"accessibilityElement":false,"class":"UIView","label":null,"description":"<UIView: 0x104b67d10; frame = (0 0; 320 568); autoresize = RM+BM; layer = <CALayer: 0x1d04386c0>>","value":null,"rect":{"y":0,"center_x":160,"center_y":284,"x":0,"width":320,"height":568}},{"id":null,"description":"<UIButton: 0x104b67f00; frame = (17 88; 280 28); opaque = NO; autoresize = RM+BM; layer = <CALayer: 0x1d04386e0>>","label":"Web View","frame":{"y":88,"x":17,"width":280,"height":28},"accessibilityElement":true,"value":null,"alpha":1,"enabled":true,"visible":1,"selected":false,"class":"UIButton","rect":{"y":88,"center_x":157,"center_y":102,"x":17,"width":280,"height":28}},{"id":null,"description":"<UIButtonLabel: 0x104b6f4a0; frame = (96.5 2; 87 24); text = 'Web View'; opaque = NO; userInteractionEnabled = NO; layer = <_UILabelLayer: 0x1d0294a00>>","label":"Web View","frame":{"
[...]
24-04-2019 15:50:30.103 +02:00 - 10545 - HTTP POST { Url: { AbsolutePath: "/sessions/token-c14c614f-c8e9-4249-bcb1-2a29c674dec7/ios-proxy-socket/condition", AbsoluteUri: "https://devicehost175.prod:6767/sessions/token-c14c614f-c8e9-4249-bcb1-2a29c674dec7/ios-proxy-socket/condition", LocalPath: "/sessions/token-c14c614f-c8e9-4249-bcb1-2a29c674dec7/ios-proxy-socket/condition", Authority: "devicehost175.prod:6767", HostNameType: Dns, IsDefaultPort: False, IsFile: False, IsLoopback: False, PathAndQuery: "/sessions/token-c14c614f-c8e9-4249-bcb1-2a29c674dec7/ios-proxy-socket/condition", Segments: [ "/", "sessions/", "token-c14c614f-c8e9-4249-bcb1-2a29c674dec7/", "ios-proxy-socket/", "condition" ], IsUnc: False, Host: "devicehost175.prod", Port: 6767, Query: "", Fragment: "", Scheme: "https", OriginalString: "https://devicehost175.prod:6767/sessions/token-c14c614f-c8e9-4249-bcb1-2a29c674dec7/ios-proxy-socket/condition", DnsSafeHost: "devicehost175.prod", IdnHost: "devicehost175.prod", IsAbsoluteUri: True, UserEscaped: False, UserInfo: "" } }
24-04-2019 15:50:30.520 +02:00 - 10962 - POST Complete { StatusCode: OK, StatusDescription: "OK", ResponseHeaders: "Server: nginx/1.2.7
Date: Wed, 24 Apr 2019 13:50:30 GMT
Transfer-Encoding: chunked
Connection: keep-alive
Accept-Ranges: bytes
", Contents: "{"results":[],"outcome":"SUCCESS"}" }
24-04-2019 15:50:31.854 +02:00 - 12297 - HTTP POST { Url: { AbsolutePath: "/sessions/token-c14c614f-c8e9-4249-bcb1-2a29c674dec7/ios-proxy-socket/condition", AbsoluteUri: "https://devicehost175.prod:6767/sessions/token-c14c614f-c8e9-4249-bcb1-2a29c674dec7/ios-proxy-socket/condition", LocalPath: "/sessions/token-c14c614f-c8e9-4249-bcb1-2a29c674dec7/ios-proxy-socket/condition", Authority: "devicehost175.prod:6767", HostNameType: Dns, IsDefaultPort: False, IsFile: False, IsLoopback: False, PathAndQuery: "/sessions/token-c14c614f-c8e9-4249-bcb1-2a29c674dec7/ios-proxy-socket/condition", Segments: [ "/", "sessions/", "token-c14c614f-c8e9-4249-bcb1-2a29c674dec7/", "ios-proxy-socket/", "condition" ], IsUnc: False, Host: "devicehost175.prod", Port: 6767, Query: "", Fragment: "", Scheme: "https", OriginalString: "https://devicehost175.prod:6767/sessions/token-c14c614f-c8e9-4249-bcb1-2a29c674dec7/ios-proxy-socket/condition", DnsSafeHost: "devicehost175.prod", IdnHost: "devicehost175.prod", IsAbsoluteUri: True, UserEscaped: False, UserInfo: "" } }
24-04-2019 15:50:32.270 +02:00 - 12713 - POST Complete { StatusCode: OK, StatusDescription: "OK", ResponseHeaders: "Server: nginx/1.2.7
Date: Wed, 24 Apr 2019 13:50:31 GMT
Transfer-Encoding: chunked
Connection: keep-alive
Accept-Ranges: bytes
", Contents: "{"results":[],"outcome":"SUCCESS"}" }
24-04-2019 15:50:32.432 +02:00 - 12874 - HTTP POST { Url: { AbsolutePath: "/sessions/token-c14c614f-c8e9-4249-bcb1-2a29c674dec7/ios-proxy-socket/map", AbsoluteUri: "https://devicehost175.prod:6767/sessions/token-c14c614f-c8e9-4249-bcb1-2a29c674dec7/ios-proxy-socket/map", LocalPath: "/sessions/token-c14c614f-c8e9-4249-bcb1-2a29c674dec7/ios-proxy-socket/map", Authority: "devicehost175.prod:6767", HostNameType: Dns, IsDefaultPort: False, IsFile: False, IsLoopback: False, PathAndQuery: "/sessions/token-c14c614f-c8e9-4249-bcb1-2a29c674dec7/ios-proxy-socket/map", Segments: [ "/", "sessions/", "token-c14c614f-c8e9-4249-bcb1-2a29c674dec7/", "ios-proxy-socket/", "map" ], IsUnc: False, Host: "devicehost175.prod", Port: 6767, Query: "", Fragment: "", Scheme: "https", OriginalString: "https://devicehost175.prod:6767/sessions/token-c14c614f-c8e9-4249-bcb1-2a29c674dec7/ios-proxy-socket/map", DnsSafeHost: "devicehost175.prod", IdnHost: "devicehost175.prod", IsAbsoluteUri: True, UserEscaped: False, UserInfo: "" } }
24-04-2019 15:50:32.448 +02:00 - 12891 - POST Complete { StatusCode: OK, StatusDescription: "OK", ResponseHeaders: "Server: nginx/1.2.7
Date: Wed, 24 Apr 2019 13:50:32 GMT
Connection: keep-alive
Access-Control-Allow-Credentials: true
Access-Control-Max-Age: 3000
Access-Control-Allow-Methods: GET, POST, PUT, DELETE, OPTIONS
Accept-Ranges: bytes
Access-Control-Allow-Origin: *
", Contents: "{"status_bar_orientation":"down","results":[{"center":{"X":207,"Y":464},"webView":"<UIWebView: 0x123f04c10; frame = (0 0; 414 736); autoresize = W+H; layer = <CALayer: 0x2836824a0>>","nodeName":"DIV","id":"swipeBox","textContent":"\n    Swipe the page with one finger to change the background color\n    LEFT = ORANGE\n    RIGHT = GREEN\n    UP = MAROON\n    DOWN = PURPLE\n","class":"","rect":{"x":8,"height":784,"y":8,"width":398,"left":8,"top":8,"center_y":464,"center_x":207},"nodeType":"ELEMENT_NODE"}],"outcome":"SUCCESS"}" }
24-04-2019 15:50:32.450 +02:00 - 12892 - HTTP POST { Url: { AbsolutePath: "/sessions/token-c14c614f-c8e9-4249-bcb1-2a29c674dec7/ios-proxy-socket/map", AbsoluteUri: "https://devicehost175.prod:6767/sessions/token-c14c614f-c8e9-4249-bcb1-2a29c674dec7/ios-proxy-socket/map", LocalPath: "/sessions/token-c14c614f-c8e9-4249-bcb1-2a29c674dec7/ios-proxy-socket/map", Authority: "devicehost175.prod:6767", HostNameType: Dns, IsDefaultPort: False, IsFile: False, IsLoopback: False, PathAndQuery: "/sessions/token-c14c614f-c8e9-4249-bcb1-2a29c674dec7/ios-proxy-socket/map", Segments: [ "/", "sessions/", "token-c14c614f-c8e9-4249-bcb1-2a29c674dec7/", "ios-proxy-socket/", "map" ], IsUnc: False, Host: "devicehost175.prod", Port: 6767, Query: "", Fragment: "", Scheme: "https", OriginalString: "https://devicehost175.prod:6767/sessions/token-c14c614f-c8e9-4249-bcb1-2a29c674dec7/ios-proxy-socket/map", DnsSafeHost: "devicehost175.prod", IdnHost: "devicehost175.prod", IsAbsoluteUri: True, UserEscaped: False, UserInfo: "" } }
24-04-2019 15:50:32.464 +02:00 - 12907 - POST Complete { StatusCode: OK, StatusDescription: "OK", ResponseHeaders: "Server: nginx/1.2.7
Date: Wed, 24 Apr 2019 13:50:32 GMT
Connection: keep-alive
Access-Control-Allow-Credentials: true
Access-Control-Max-Age: 3000
Access-Control-Allow-Methods: GET, POST, PUT, DELETE, OPTIONS
Accept-Ranges: bytes
Access-Control-Allow-Origin: *
", Contents: "{"status_bar_orientation":"down","results":[{"center":{"X":207,"Y":464},"webView":"<UIWebView: 0x123f04c10; frame = (0 0; 414 736); autoresize = W+H; layer = <CALayer: 0x2836824a0>>","nodeName":"DIV","id":"swipeBox","textContent":"\n    Swipe the page with one finger to change the background color\n    LEFT = ORANGE\n    RIGHT = GREEN\n    UP = MAROON\n    DOWN = PURPLE\n","class":"","rect":{"x":8,"height":784,"y":8,"width":398,"left":8,"top":8,"center_y":464,"center_x":207},"nodeType":"ELEMENT_NODE"}],"outcome":"SUCCESS"}" }
24-04-2019 15:50:32.746 +02:00 - 13189 - Swiping left on first element matching Css("#swipeBox") at coordinates [ 207, 464 ]. 
24-04-2019 15:50:32.747 +02:00 - 13190 - Swiping from (340, 464) to (74, 464)
24-04-2019 15:50:32.749 +02:00 - 13191 - HTTP POST { Url: { AbsolutePath: "/sessions/token-c14c614f-c8e9-4249-bcb1-2a29c674dec7/ios-proxy-socket/condition", AbsoluteUri: "https://devicehost175.prod:6767/sessions/token-c14c614f-c8e9-4249-bcb1-2a29c674dec7/ios-proxy-socket/condition", LocalPath: "/sessions/token-c14c614f-c8e9-4249-bcb1-2a29c674dec7/ios-proxy-socket/condition", Authority: "devicehost175.prod:6767", HostNameType: Dns, IsDefaultPort: False, IsFile: False, IsLoopback: False, PathAndQuery: "/sessions/token-c14c614f-c8e9-4249-bcb1-2a29c674dec7/ios-proxy-socket/condition", Segments: [ "/", "sessions/", "token-c14c614f-c8e9-4249-bcb1-2a29c674dec7/", "ios-proxy-socket/", "condition" ], IsUnc: False, Host: "devicehost175.prod", Port: 6767, Query: "", Fragment: "", Scheme: "https", OriginalString: "https://devicehost175.prod:6767/sessions/token-c14c614f-c8e9-4249-bcb1-2a29c674dec7/ios-proxy-socket/condition", DnsSafeHost: "devicehost175.prod", IdnHost: "devicehost175.prod", IsAbsoluteUri: True, UserEscaped: False, UserInfo: "" } }
24-04-2019 15:50:33.165 +02:00 - 13607 - POST Complete { StatusCode: OK, StatusDescription: "OK", ResponseHeaders: "Server: nginx/1.2.7
Date: Wed, 24 Apr 2019 13:50:32 GMT
Transfer-Encoding: chunked
Connection: keep-alive
Accept-Ranges: bytes
", Contents: "{"results":[],"outcome":"SUCCESS"}" }
24-04-2019 15:50:33.388 +02:00 - 13830 - 41 - HTTP POST https://devicehost175.prod:6767/sessions/token-c14c614f-c8e9-4249-bcb1-2a29c674dec7/ideviceteststarter/1.0/dismiss-springboard-alerts
24-04-2019 15:50:33.398 +02:00 - 13841 - 41 - HTTP request succeeded
24-04-2019 15:50:33.399 +02:00 - 13841 - 41 - HTTP POST complete
24-04-2019 15:50:33.401 +02:00 - 13843 - DeviceAgent springboard dismiss alerts response: OK - no alerts
24-04-2019 15:50:33.402 +02:00 - 13844 - HTTP POST { Url: { AbsolutePath: "/sessions/token-c14c614f-c8e9-4249-bcb1-2a29c674dec7/ios-proxy-socket/map", AbsoluteUri: "https://devicehost175.prod:6767/sessions/token-c14c614f-c8e9-4249-bcb1-2a29c674dec7/ios-proxy-socket/map", LocalPath: "/sessions/token-c14c614f-c8e9-4249-bcb1-2a29c674dec7/ios-proxy-socket/map", Authority: "devicehost175.prod:6767", HostNameType: Dns, IsDefaultPort: False, IsFile: False, IsLoopback: False, PathAndQuery: "/sessions/token-c14c614f-c8e9-4249-bcb1-2a29c674dec7/ios-proxy-socket/map", Segments: [ "/", "sessions/", "token-c14c614f-c8e9-4249-bcb1-2a29c674dec7/", "ios-proxy-socket/", "map" ], IsUnc: False, Host: "devicehost175.prod", Port: 6767, Query: "", Fragment: "", Scheme: "https", OriginalString: "https://devicehost175.prod:6767/sessions/token-c14c614f-c8e9-4249-bcb1-2a29c674dec7/ios-proxy-socket/map", DnsSafeHost: "devicehost175.prod", IdnHost: "devicehost175.prod", IsAbsoluteUri: True, UserEscaped: False, UserInfo: "" } }
24-04-2019 15:50:33.417 +02:00 - 13860 - POST Complete { StatusCode: OK, StatusDescription: "OK", ResponseHeaders: "Server: nginx/1.2.7
Date: Wed, 24 Apr 2019 13:50:33 GMT
Connection: keep-alive
Access-Control-Allow-Credentials: true
Access-Control-Max-Age: 3000
Access-Control-Allow-Methods: GET, POST, PUT, DELETE, OPTIONS
Accept-Ranges: bytes
Access-Control-Allow-Origin: *
", Contents: "{"status_bar_orientation":"down","results":[{"alpha":1,"enabled":true,"id":null,"visible":1,"frame":{"y":0,"x":0,"width":414,"height":736},"accessibilityElement":false,"class":"UIWindow","label":null,"description":"<UIWindow: 0x125a10cb0; frame = (0 0; 414 736); gestureRecognizers = <NSArray: 0x2838afc90>; layer = <UIWindowLayer: 0x283688100>>","value":null,"rect":{"y":0,"center_x":207,"center_y":368,"x":0,"width":414,"height":736}}],"outcome":"SUCCESS"}" }
24-04-2019 15:50:33.418 +02:00 - 13861 - 42 - HTTP POST https://devicehost175.prod:6767/sessions/token-c14c614f-c8e9-4249-bcb1-2a29c674dec7/ideviceteststarter/1.0/dismiss-springboard-alerts
24-04-2019 15:50:33.426 +02:00 - 13869 - 42 - HTTP request succeeded
24-04-2019 15:50:33.427 +02:00 - 13869 - 42 - HTTP POST complete
24-04-2019 15:50:33.434 +02:00 - 13876 - DeviceAgent springboard dismiss alerts response: OK - no alerts
24-04-2019 15:50:33.435 +02:00 - 13878 - HTTP POST { Url: { AbsolutePath: "/sessions/token-c14c614f-c8e9-4249-bcb1-2a29c674dec7/ios-proxy-socket/map", AbsoluteUri: "https://devicehost175.prod:6767/sessions/token-c14c614f-c8e9-4249-bcb1-2a29c674dec7/ios-proxy-socket/map", LocalPath: "/sessions/token-c14c614f-c8e9-4249-bcb1-2a29c674dec7/ios-proxy-socket/map", Authority: "devicehost175.prod:6767", HostNameType: Dns, IsDefaultPort: False, IsFile: False, IsLoopback: False, PathAndQuery: "/sessions/token-c14c614f-c8e9-4249-bcb1-2a29c674dec7/ios-proxy-socket/map", Segments: [ "/", "sessions/", "token-c14c614f-c8e9-4249-bcb1-2a29c674dec7/", "ios-proxy-socket/", "map" ], IsUnc: False, Host: "devicehost175.prod", Port: 6767, Query: "", Fragment: "", Scheme: "https", OriginalString: "https://devicehost175.prod:6767/sessions/token-c14c614f-c8e9-4249-bcb1-2a29c674dec7/ios-proxy-socket/map", DnsSafeHost: "devicehost175.prod", IdnHost: "devicehost175.prod", IsAbsoluteUri: True, UserEscaped: False, UserInfo: "" } }
24-04-2019 15:50:33.448 +02:00 - 13891 - POST Complete { StatusCode: OK, StatusDescription: "OK", ResponseHeaders: "Server: nginx/1.2.7
Date: Wed, 24 Apr 2019 13:50:33 GMT
Connection: keep-alive
Access-Control-Allow-Credentials: true
Access-Control-Max-Age: 3000
Access-Control-Allow-Methods: GET, POST, PUT, DELETE, OPTIONS
Accept-Ranges: bytes
Access-Control-Allow-Origin: *
", Contents: "{"status_bar_orientation":"down","results":[{"alpha":1,"enabled":true,"id":null,"visible":1,"frame":{"y":0,"x":0,"width":414,"height":736},"accessibilityElement":false,"class":"UIWindow","label":null,"description":"<UIWindow: 0x125a10cb0; frame = (0 0; 414 736); gestureRecognizers = <NSArray: 0x2838afc90>; layer = <UIWindowLayer: 0x283688100>>","value":null,"rect":{"y":0,"center_x":207,"center_y":368,"x":0,"width":414,"height":736}}],"outcome":"SUCCESS"}" }
24-04-2019 15:50:33.668 +02:00 - 14110 - HTTP POST { Url: { AbsolutePath: "/sessions/token-c14c614f-c8e9-4249-bcb1-2a29c674dec7/ios-proxy-socket/condition", AbsoluteUri: "https://devicehost175.prod:6767/sessions/token-c14c614f-c8e9-4249-bcb1-2a29c674dec7/ios-proxy-socket/condition", LocalPath: "/sessions/token-c14c614f-c8e9-4249-bcb1-2a29c674dec7/ios-proxy-socket/condition", Authority: "devicehost175.prod:6767", HostNameType: Dns, IsDefaultPort: False, IsFile: False, IsLoopback: False, PathAndQuery: "/sessions/token-c14c614f-c8e9-4249-bcb1-2a29c674dec7/ios-proxy-socket/condition", Segments: [ "/", "sessions/", "token-c14c614f-c8e9-4249-bcb1-2a29c674dec7/", "ios-proxy-socket/", "condition" ], IsUnc: False, Host: "devicehost175.prod", Port: 6767, Query: "", Fragment: "", Scheme: "https", OriginalString: "https://devicehost175.prod:6767/sessions/token-c14c614f-c8e9-4249-bcb1-2a29c674dec7/ios-proxy-socket/condition", DnsSafeHost: "devicehost175.prod", IdnHost: "devicehost175.prod", IsAbsoluteUri: True, UserEscaped: False, UserInfo: "" } }
24-04-2019 15:50:34.084 +02:00 - 14526 - POST Complete { StatusCode: OK, StatusDescription: "OK", ResponseHeaders: "Server: nginx/1.2.7
Date: Wed, 24 Apr 2019 13:50:33 GMT
Transfer-Encoding: chunked
Connection: keep-alive
Accept-Ranges: bytes
", Contents: "{"results":[],"outcome":"SUCCESS"}" }
24-04-2019 15:50:34.222 +02:00 - 14664 - 43 - HTTP POST https://devicehost175.prod:6767/sessions/token-c14c614f-c8e9-4249-bcb1-2a29c674dec7/ideviceteststarter/1.0/gesture { specifiers: { coordinates: [ { x: 340, y: 464 }, { x: 74, y: 464 } ] }, gesture: "drag", options: { duration: 0.532, allow_inertia: True, first_touch_hold_duration: 0 } }
24-04-2019 15:50:34.862 +02:00 - 15304 - 43 - HTTP request succeeded
24-04-2019 15:50:34.863 +02:00 - 15305 - 43 - HTTP POST complete
24-04-2019 15:50:34.863 +02:00 - 15306 - DeviceAgent drag response: OK - success
24-04-2019 15:50:34.864 +02:00 - 15306 - Waiting for element matching Css("#direction").
24-04-2019 15:50:34.865 +02:00 - 15308 - HTTP POST { Url: { AbsolutePath: "/sessions/token-c14c614f-c8e9-4249-bcb1-2a29c674dec7/ios-proxy-socket/map", AbsoluteUri: "https://devicehost175.prod:6767/sessions/token-c14c614f-c8e9-4249-bcb1-2a29c674dec7/ios-proxy-socket/map", LocalPath: "/sessions/token-c14c614f-c8e9-4249-bcb1-2a29c674dec7/ios-proxy-socket/map", Authority: "devicehost175.prod:6767", HostNameType: Dns, IsDefaultPort: False, IsFile: False, IsLoopback: False, PathAndQuery: "/sessions/token-c14c614f-c8e9-4249-bcb1-2a29c674dec7/ios-proxy-socket/map", Segments: [ "/", "sessions/", "token-c14c614f-c8e9-4249-bcb1-2a29c674dec7/", "ios-proxy-socket/", "map" ], IsUnc: False, Host: "devicehost175.prod", Port: 6767, Query: "", Fragment: "", Scheme: "https", OriginalString: "https://devicehost175.prod:6767/sessions/token-c14c614f-c8e9-4249-bcb1-2a29c674dec7/ios-proxy-socket/map", DnsSafeHost: "devicehost175.prod", IdnHost: "devicehost175.prod", IsAbsoluteUri: True, UserEscaped: False, UserInfo: "" } }
24-04-2019 15:50:34.876 +02:00 - 15319 - POST Complete { StatusCode: OK, StatusDescription: "OK", ResponseHeaders: "Server: nginx/1.2.7
Date: Wed, 24 Apr 2019 13:50:34 GMT
Connection: keep-alive
Access-Control-Allow-Credentials: true
Access-Control-Max-Age: 3000
Access-Control-Allow-Methods: GET, POST, PUT, DELETE, OPTIONS
Accept-Ranges: bytes
Access-Control-Allow-Origin: *
", Contents: "{"status_bar_orientation":"down","results":[{"center":{"X":207,"Y":238},"webView":"<UIWebView: 0x123f04c10; frame = (0 0; 414 736); autoresize = W+H; layer = <CALayer: 0x2836824a0>>","nodeName":"P","id":"direction","textContent":"left","class":"","rect":{"x":8,"height":29,"y":160,"width":398,"left":8,"top":160,"center_y":238,"center_x":207},"nodeType":"ELEMENT_NODE"}],"outcome":"SUCCESS"}" }
24-04-2019 15:50:34.878 +02:00 - 15320 - HTTP POST { Url: { AbsolutePath: "/sessions/token-c14c614f-c8e9-4249-bcb1-2a29c674dec7/ios-proxy-socket/map", AbsoluteUri: "https://devicehost175.prod:6767/sessions/token-c14c614f-c8e9-4249-bcb1-2a29c674dec7/ios-proxy-socket/map", LocalPath: "/sessions/token-c14c614f-c8e9-4249-bcb1-2a29c674dec7/ios-proxy-socket/map", Authority: "devicehost175.prod:6767", HostNameType: Dns, IsDefaultPort: False, IsFile: False, IsLoopback: False, PathAndQuery: "/sessions/token-c14c614f-c8e9-4249-bcb1-2a29c674dec7/ios-proxy-socket/map", Segments: [ "/", "sessions/", "token-c14c614f-c8e9-4249-bcb1-2a29c674dec7/", "ios-proxy-socket/", "map" ], IsUnc: False, Host: "devicehost175.prod", Port: 6767, Query: "", Fragment: "", Scheme: "https", OriginalString: "https://devicehost175.prod:6767/sessions/token-c14c614f-c8e9-4249-bcb1-2a29c674dec7/ios-proxy-socket/map", DnsSafeHost: "devicehost175.prod", IdnHost: "devicehost175.prod", IsAbsoluteUri: True, UserEscaped: False, UserInfo: "" } }
24-04-2019 15:50:34.892 +02:00 - 15335 - POST Complete { StatusCode: OK, StatusDescription: "OK", ResponseHeaders: "Server: nginx/1.2.7
Date: Wed, 24 Apr 2019 13:50:34 GMT
Connection: keep-alive
Access-Control-Allow-Credentials: true
Access-Control-Max-Age: 3000
Access-Control-Allow-Methods: GET, POST, PUT, DELETE, OPTIONS
Accept-Ranges: bytes
Access-Control-Allow-Origin: *
", Contents: "{"status_bar_orientation":"down","results":[{"center":{"X":207,"Y":238},"webView":"<UIWebView: 0x123f04c10; frame = (0 0; 414 736); autoresize = W+H; layer = <CALayer: 0x2836824a0>>","nodeName":"P","id":"direction","textContent":"left","class":"","rect":{"x":8,"height":29,"y":160,"width":398,"left":8,"top":160,"center_y":238,"center_x":207},"nodeType":"ELEMENT_NODE"}],"outcome":"SUCCESS"}" }
24-04-2019 15:50:35.105 +02:00 - 15547 - HTTP POST { Url: { AbsolutePath: "/sessions/token-c14c614f-c8e9-4249-bcb1-2a29c674dec7/ios-proxy-socket/condition", AbsoluteUri: "https://devicehost175.prod:6767/sessions/token-c14c614f-c8e9-4249-bcb1-2a29c674dec7/ios-proxy-socket/condition", LocalPath: "/sessions/token-c14c614f-c8e9-4249-bcb1-2a29c674dec7/ios-proxy-socket/condition", Authority: "devicehost175.prod:6767", HostNameType: Dns, IsDefaultPort: False, IsFile: False, IsLoopback: False, PathAndQuery: "/sessions/token-c14c614f-c8e9-4249-bcb1-2a29c674dec7/ios-proxy-socket/condition", Segments: [ "/", "sessions/", "token-c14c614f-c8e9-4249-bcb1-2a29c674dec7/", "ios-proxy-socket/", "condition" ], IsUnc: False, Host: "devicehost175.prod", Port: 6767, Query: "", Fragment: "", Scheme: "https", OriginalString: "https://devicehost175.prod:6767/sessions/token-c14c614f-c8e9-4249-bcb1-2a29c674dec7/ios-proxy-socket/condition", DnsSafeHost: "devicehost175.prod", IdnHost: "devicehost175.prod", IsAbsoluteUri: True, UserEscaped: False, UserInfo: "" } }
24-04-2019 15:50:35.521 +02:00 - 15964 - POST Complete { StatusCode: OK, StatusDescription: "OK", ResponseHeaders: "Server: nginx/1.2.7
Date: Wed, 24 Apr 2019 13:50:35 GMT
Transfer-Encoding: chunked
Connection: keep-alive
Accept-Ranges: bytes
", Contents: "{"results":[],"outcome":"SUCCESS"}" }
]]></output>
      </test-case></test-suite></test-suite></test-run>